{"E:\\DevEducation\\TeamProject_1\\server\\server_modules\\convertParse.js": {"path":"E:\\DevEducation\\TeamProject_1\\server\\server_modules\\convertParse.js","all":false,"statementMap":{"0":{"start":{"line":1,"column":0},"end":{"line":1,"column":30}},"1":{"start":{"line":2,"column":0},"end":{"line":2,"column":40}},"2":{"start":{"line":3,"column":0},"end":{"line":3,"column":17}},"3":{"start":{"line":4,"column":0},"end":{"line":4,"column":3}},"4":{"start":{"line":5,"column":0},"end":{"line":5,"column":18}},"5":{"start":{"line":6,"column":0},"end":{"line":6,"column":42}},"6":{"start":{"line":7,"column":0},"end":{"line":7,"column":42}},"7":{"start":{"line":8,"column":0},"end":{"line":8,"column":39}},"8":{"start":{"line":9,"column":0},"end":{"line":9,"column":15}},"9":{"start":{"line":10,"column":0},"end":{"line":10,"column":5}},"10":{"start":{"line":11,"column":0},"end":{"line":11,"column":46}},"11":{"start":{"line":12,"column":0},"end":{"line":12,"column":3}},"12":{"start":{"line":13,"column":0},"end":{"line":13,"column":16}},"13":{"start":{"line":14,"column":0},"end":{"line":14,"column":1}},"14":{"start":{"line":15,"column":0},"end":{"line":15,"column":31}},"15":{"start":{"line":16,"column":0},"end":{"line":16,"column":35}},"16":{"start":{"line":17,"column":0},"end":{"line":17,"column":17}},"17":{"start":{"line":18,"column":0},"end":{"line":18,"column":3}},"18":{"start":{"line":19,"column":0},"end":{"line":19,"column":30}},"19":{"start":{"line":20,"column":0},"end":{"line":20,"column":18}},"20":{"start":{"line":21,"column":0},"end":{"line":21,"column":43}},"21":{"start":{"line":22,"column":0},"end":{"line":22,"column":17}},"22":{"start":{"line":23,"column":0},"end":{"line":23,"column":59}},"23":{"start":{"line":24,"column":0},"end":{"line":24,"column":59}},"24":{"start":{"line":25,"column":0},"end":{"line":25,"column":67}},"25":{"start":{"line":26,"column":0},"end":{"line":26,"column":59}},"26":{"start":{"line":27,"column":0},"end":{"line":27,"column":59}},"27":{"start":{"line":28,"column":0},"end":{"line":28,"column":66}},"28":{"start":{"line":29,"column":0},"end":{"line":29,"column":21}},"29":{"start":{"line":30,"column":0},"end":{"line":30,"column":3}},"30":{"start":{"line":31,"column":0},"end":{"line":31,"column":16}},"31":{"start":{"line":32,"column":0},"end":{"line":32,"column":1}},"32":{"start":{"line":33,"column":0},"end":{"line":33,"column":30}},"33":{"start":{"line":34,"column":0},"end":{"line":34,"column":38}},"34":{"start":{"line":35,"column":0},"end":{"line":35,"column":17}},"35":{"start":{"line":36,"column":0},"end":{"line":36,"column":3}},"36":{"start":{"line":37,"column":0},"end":{"line":37,"column":29}},"37":{"start":{"line":38,"column":0},"end":{"line":38,"column":42}},"38":{"start":{"line":39,"column":0},"end":{"line":39,"column":31}},"39":{"start":{"line":40,"column":0},"end":{"line":40,"column":54}},"40":{"start":{"line":41,"column":0},"end":{"line":41,"column":15}},"41":{"start":{"line":42,"column":0},"end":{"line":42,"column":5}},"42":{"start":{"line":43,"column":0},"end":{"line":43,"column":31}},"43":{"start":{"line":44,"column":0},"end":{"line":44,"column":53}},"44":{"start":{"line":45,"column":0},"end":{"line":45,"column":5}},"45":{"start":{"line":46,"column":0},"end":{"line":46,"column":38}},"46":{"start":{"line":47,"column":0},"end":{"line":47,"column":3}},"47":{"start":{"line":48,"column":0},"end":{"line":48,"column":27}},"48":{"start":{"line":49,"column":0},"end":{"line":49,"column":16}},"49":{"start":{"line":50,"column":0},"end":{"line":50,"column":1}},"50":{"start":{"line":51,"column":0},"end":{"line":51,"column":18}},"51":{"start":{"line":52,"column":0},"end":{"line":52,"column":15}},"52":{"start":{"line":53,"column":0},"end":{"line":53,"column":15}},"53":{"start":{"line":54,"column":0},"end":{"line":54,"column":15}},"54":{"start":{"line":55,"column":0},"end":{"line":55,"column":2}}},"s":{"0":3,"1":3,"2":1,"3":1,"4":2,"5":2,"6":2,"7":2,"8":1,"9":1,"10":1,"11":1,"12":2,"13":2,"14":10,"15":10,"16":4,"17":4,"18":6,"19":6,"20":10,"21":20,"22":20,"23":20,"24":20,"25":20,"26":20,"27":20,"28":20,"29":20,"30":6,"31":6,"32":5,"33":5,"34":1,"35":1,"36":4,"37":5,"38":5,"39":5,"40":4,"41":4,"42":1,"43":1,"44":1,"45":1,"46":1,"47":4,"48":4,"49":4,"50":1,"51":1,"52":1,"53":1,"54":1},"branchMap":{"0":{"type":"branch","line":1,"loc":{"start":{"line":1,"column":0},"end":{"line":14,"column":1}},"locations":[{"start":{"line":1,"column":0},"end":{"line":14,"column":1}}]},"1":{"type":"branch","line":2,"loc":{"start":{"line":2,"column":6},"end":{"line":2,"column":22}},"locations":[{"start":{"line":2,"column":6},"end":{"line":2,"column":22}}]},"2":{"type":"branch","line":2,"loc":{"start":{"line":2,"column":39},"end":{"line":4,"column":3}},"locations":[{"start":{"line":2,"column":39},"end":{"line":4,"column":3}}]},"3":{"type":"branch","line":5,"loc":{"start":{"line":5,"column":-2},"end":{"line":14,"column":1}},"locations":[{"start":{"line":5,"column":-2},"end":{"line":14,"column":1}}]},"4":{"type":"branch","line":8,"loc":{"start":{"line":8,"column":38},"end":{"line":12,"column":3}},"locations":[{"start":{"line":8,"column":38},"end":{"line":12,"column":3}}]},"5":{"type":"branch","line":15,"loc":{"start":{"line":15,"column":0},"end":{"line":32,"column":1}},"locations":[{"start":{"line":15,"column":0},"end":{"line":32,"column":1}}]},"6":{"type":"branch","line":16,"loc":{"start":{"line":16,"column":34},"end":{"line":18,"column":3}},"locations":[{"start":{"line":16,"column":34},"end":{"line":18,"column":3}}]},"7":{"type":"branch","line":19,"loc":{"start":{"line":19,"column":-2},"end":{"line":21,"column":7}},"locations":[{"start":{"line":19,"column":-2},"end":{"line":21,"column":7}}]},"8":{"type":"branch","line":21,"loc":{"start":{"line":21,"column":42},"end":{"line":30,"column":3}},"locations":[{"start":{"line":21,"column":42},"end":{"line":30,"column":3}}]},"9":{"type":"branch","line":31,"loc":{"start":{"line":31,"column":-2},"end":{"line":32,"column":1}},"locations":[{"start":{"line":31,"column":-2},"end":{"line":32,"column":1}}]},"10":{"type":"branch","line":33,"loc":{"start":{"line":33,"column":0},"end":{"line":50,"column":1}},"locations":[{"start":{"line":33,"column":0},"end":{"line":50,"column":1}}]},"11":{"type":"branch","line":34,"loc":{"start":{"line":34,"column":5},"end":{"line":34,"column":21}},"locations":[{"start":{"line":34,"column":5},"end":{"line":34,"column":21}}]},"12":{"type":"branch","line":34,"loc":{"start":{"line":34,"column":37},"end":{"line":36,"column":3}},"locations":[{"start":{"line":34,"column":37},"end":{"line":36,"column":3}}]},"13":{"type":"branch","line":37,"loc":{"start":{"line":37,"column":-2},"end":{"line":38,"column":7}},"locations":[{"start":{"line":37,"column":-2},"end":{"line":38,"column":7}}]},"14":{"type":"branch","line":40,"loc":{"start":{"line":40,"column":8},"end":{"line":40,"column":53}},"locations":[{"start":{"line":40,"column":8},"end":{"line":40,"column":53}}]},"15":{"type":"branch","line":40,"loc":{"start":{"line":40,"column":53},"end":{"line":42,"column":5}},"locations":[{"start":{"line":40,"column":53},"end":{"line":42,"column":5}}]},"16":{"type":"branch","line":43,"loc":{"start":{"line":43,"column":-2},"end":{"line":47,"column":3}},"locations":[{"start":{"line":43,"column":-2},"end":{"line":47,"column":3}}]},"17":{"type":"branch","line":48,"loc":{"start":{"line":48,"column":-2},"end":{"line":50,"column":1}},"locations":[{"start":{"line":48,"column":-2},"end":{"line":50,"column":1}}]}},"b":{"0":[3],"1":[2],"2":[1],"3":[2],"4":[1],"5":[10],"6":[4],"7":[6],"8":[20],"9":[6],"10":[5],"11":[4],"12":[1],"13":[4],"14":[3],"15":[4],"16":[1],"17":[4]},"fnMap":{"0":{"name":"convertToCSV","decl":{"start":{"line":1,"column":0},"end":{"line":14,"column":1}},"loc":{"start":{"line":1,"column":0},"end":{"line":14,"column":1}},"line":1},"1":{"name":"parseFromCSV","decl":{"start":{"line":15,"column":0},"end":{"line":32,"column":1}},"loc":{"start":{"line":15,"column":0},"end":{"line":32,"column":1}},"line":15},"2":{"name":"convertToXML","decl":{"start":{"line":33,"column":0},"end":{"line":50,"column":1}},"loc":{"start":{"line":33,"column":0},"end":{"line":50,"column":1}},"line":33}},"f":{"0":3,"1":10,"2":5}}
,"E:\\DevEducation\\TeamProject_1\\server\\server_modules\\getFromFile.js": {"path":"E:\\DevEducation\\TeamProject_1\\server\\server_modules\\getFromFile.js","all":false,"statementMap":{"0":{"start":{"line":1,"column":0},"end":{"line":1,"column":23}},"1":{"start":{"line":2,"column":0},"end":{"line":2,"column":38}},"2":{"start":{"line":3,"column":0},"end":{"line":3,"column":43}},"3":{"start":{"line":4,"column":0},"end":{"line":4,"column":36}},"4":{"start":{"line":5,"column":0},"end":{"line":5,"column":49}},"5":{"start":{"line":6,"column":0},"end":{"line":6,"column":0}},"6":{"start":{"line":7,"column":0},"end":{"line":7,"column":37}},"7":{"start":{"line":8,"column":0},"end":{"line":8,"column":32}},"8":{"start":{"line":9,"column":0},"end":{"line":9,"column":17}},"9":{"start":{"line":10,"column":0},"end":{"line":10,"column":3}},"10":{"start":{"line":11,"column":0},"end":{"line":11,"column":51}},"11":{"start":{"line":12,"column":0},"end":{"line":12,"column":63}},"12":{"start":{"line":13,"column":0},"end":{"line":13,"column":71}},"13":{"start":{"line":14,"column":0},"end":{"line":14,"column":25}},"14":{"start":{"line":15,"column":0},"end":{"line":15,"column":52}},"15":{"start":{"line":16,"column":0},"end":{"line":16,"column":55}},"16":{"start":{"line":17,"column":0},"end":{"line":17,"column":24}},"17":{"start":{"line":18,"column":0},"end":{"line":18,"column":10}},"18":{"start":{"line":19,"column":0},"end":{"line":19,"column":51}},"19":{"start":{"line":20,"column":0},"end":{"line":20,"column":55}},"20":{"start":{"line":21,"column":0},"end":{"line":21,"column":44}},"21":{"start":{"line":22,"column":0},"end":{"line":22,"column":7}},"22":{"start":{"line":23,"column":0},"end":{"line":23,"column":5}},"23":{"start":{"line":24,"column":0},"end":{"line":24,"column":3}},"24":{"start":{"line":25,"column":0},"end":{"line":25,"column":23}},"25":{"start":{"line":26,"column":0},"end":{"line":26,"column":1}},"26":{"start":{"line":27,"column":0},"end":{"line":27,"column":0}},"27":{"start":{"line":28,"column":0},"end":{"line":28,"column":36}},"28":{"start":{"line":29,"column":0},"end":{"line":29,"column":32}},"29":{"start":{"line":30,"column":0},"end":{"line":30,"column":17}},"30":{"start":{"line":31,"column":0},"end":{"line":31,"column":3}},"31":{"start":{"line":32,"column":0},"end":{"line":32,"column":50}},"32":{"start":{"line":33,"column":0},"end":{"line":33,"column":63}},"33":{"start":{"line":34,"column":0},"end":{"line":34,"column":78}},"34":{"start":{"line":35,"column":0},"end":{"line":35,"column":33}},"35":{"start":{"line":36,"column":0},"end":{"line":36,"column":21}},"36":{"start":{"line":37,"column":0},"end":{"line":37,"column":32}},"37":{"start":{"line":38,"column":0},"end":{"line":38,"column":52}},"38":{"start":{"line":39,"column":0},"end":{"line":39,"column":6}},"39":{"start":{"line":40,"column":0},"end":{"line":40,"column":76}},"40":{"start":{"line":41,"column":0},"end":{"line":41,"column":3}},"41":{"start":{"line":42,"column":0},"end":{"line":42,"column":57}},"42":{"start":{"line":43,"column":0},"end":{"line":43,"column":54}},"43":{"start":{"line":44,"column":0},"end":{"line":44,"column":30}},"44":{"start":{"line":45,"column":0},"end":{"line":45,"column":37}},"45":{"start":{"line":46,"column":0},"end":{"line":46,"column":22}},"46":{"start":{"line":47,"column":0},"end":{"line":47,"column":32}},"47":{"start":{"line":48,"column":0},"end":{"line":48,"column":28}},"48":{"start":{"line":49,"column":0},"end":{"line":49,"column":3}},"49":{"start":{"line":50,"column":0},"end":{"line":50,"column":55}},"50":{"start":{"line":51,"column":0},"end":{"line":51,"column":24}},"51":{"start":{"line":52,"column":0},"end":{"line":52,"column":10}},"52":{"start":{"line":53,"column":0},"end":{"line":53,"column":51}},"53":{"start":{"line":54,"column":0},"end":{"line":54,"column":55}},"54":{"start":{"line":55,"column":0},"end":{"line":55,"column":49}},"55":{"start":{"line":56,"column":0},"end":{"line":56,"column":7}},"56":{"start":{"line":57,"column":0},"end":{"line":57,"column":5}},"57":{"start":{"line":58,"column":0},"end":{"line":58,"column":3}},"58":{"start":{"line":59,"column":0},"end":{"line":59,"column":28}},"59":{"start":{"line":60,"column":0},"end":{"line":60,"column":1}},"60":{"start":{"line":61,"column":0},"end":{"line":61,"column":32}},"61":{"start":{"line":62,"column":0},"end":{"line":62,"column":32}},"62":{"start":{"line":63,"column":0},"end":{"line":63,"column":17}},"63":{"start":{"line":64,"column":0},"end":{"line":64,"column":3}},"64":{"start":{"line":65,"column":0},"end":{"line":65,"column":78}},"65":{"start":{"line":66,"column":0},"end":{"line":66,"column":53}},"66":{"start":{"line":67,"column":0},"end":{"line":67,"column":26}},"67":{"start":{"line":68,"column":0},"end":{"line":68,"column":55}},"68":{"start":{"line":69,"column":0},"end":{"line":69,"column":24}},"69":{"start":{"line":70,"column":0},"end":{"line":70,"column":10}},"70":{"start":{"line":71,"column":0},"end":{"line":71,"column":51}},"71":{"start":{"line":72,"column":0},"end":{"line":72,"column":55}},"72":{"start":{"line":73,"column":0},"end":{"line":73,"column":45}},"73":{"start":{"line":74,"column":0},"end":{"line":74,"column":7}},"74":{"start":{"line":75,"column":0},"end":{"line":75,"column":5}},"75":{"start":{"line":76,"column":0},"end":{"line":76,"column":3}},"76":{"start":{"line":77,"column":0},"end":{"line":77,"column":24}},"77":{"start":{"line":78,"column":0},"end":{"line":78,"column":1}},"78":{"start":{"line":79,"column":0},"end":{"line":79,"column":0}},"79":{"start":{"line":80,"column":0},"end":{"line":80,"column":33}},"80":{"start":{"line":81,"column":0},"end":{"line":81,"column":32}},"81":{"start":{"line":82,"column":0},"end":{"line":82,"column":17}},"82":{"start":{"line":83,"column":0},"end":{"line":83,"column":3}},"83":{"start":{"line":84,"column":0},"end":{"line":84,"column":76}},"84":{"start":{"line":85,"column":0},"end":{"line":85,"column":54}},"85":{"start":{"line":86,"column":0},"end":{"line":86,"column":27}},"86":{"start":{"line":87,"column":0},"end":{"line":87,"column":55}},"87":{"start":{"line":88,"column":0},"end":{"line":88,"column":25}},"88":{"start":{"line":89,"column":0},"end":{"line":89,"column":10}},"89":{"start":{"line":90,"column":0},"end":{"line":90,"column":52}},"90":{"start":{"line":91,"column":0},"end":{"line":91,"column":56}},"91":{"start":{"line":92,"column":0},"end":{"line":92,"column":47}},"92":{"start":{"line":93,"column":0},"end":{"line":93,"column":7}},"93":{"start":{"line":94,"column":0},"end":{"line":94,"column":5}},"94":{"start":{"line":95,"column":0},"end":{"line":95,"column":27}},"95":{"start":{"line":96,"column":0},"end":{"line":96,"column":3}},"96":{"start":{"line":97,"column":0},"end":{"line":97,"column":1}},"97":{"start":{"line":98,"column":0},"end":{"line":98,"column":18}},"98":{"start":{"line":99,"column":0},"end":{"line":99,"column":18}},"99":{"start":{"line":100,"column":0},"end":{"line":100,"column":17}},"100":{"start":{"line":101,"column":0},"end":{"line":101,"column":13}},"101":{"start":{"line":102,"column":0},"end":{"line":102,"column":14}},"102":{"start":{"line":103,"column":0},"end":{"line":103,"column":2}}},"s":{"0":1,"1":1,"2":1,"3":1,"4":1,"5":1,"6":4,"7":4,"8":1,"9":1,"10":3,"11":3,"12":3,"13":3,"14":3,"15":4,"16":2,"17":4,"18":1,"19":3,"20":1,"21":1,"22":3,"23":1,"24":1,"25":1,"26":1,"27":6,"28":6,"29":1,"30":1,"31":5,"32":5,"33":5,"34":6,"35":1,"36":1,"37":1,"38":1,"39":1,"40":1,"41":5,"42":5,"43":5,"44":6,"45":2,"46":2,"47":2,"48":2,"49":6,"50":4,"51":6,"52":1,"53":2,"54":1,"55":1,"56":2,"57":1,"58":1,"59":1,"60":5,"61":5,"62":1,"63":1,"64":4,"65":4,"66":4,"67":5,"68":2,"69":2,"70":2,"71":8,"72":2,"73":2,"74":8,"75":2,"76":2,"77":2,"78":1,"79":4,"80":4,"81":1,"82":1,"83":3,"84":3,"85":3,"86":4,"87":2,"88":4,"89":1,"90":3,"91":1,"92":1,"93":3,"94":1,"95":1,"96":4,"97":1,"98":1,"99":1,"100":1,"101":1,"102":1},"branchMap":{"0":{"type":"branch","line":7,"loc":{"start":{"line":7,"column":0},"end":{"line":26,"column":1}},"locations":[{"start":{"line":7,"column":0},"end":{"line":26,"column":1}}]},"1":{"type":"branch","line":8,"loc":{"start":{"line":8,"column":31},"end":{"line":10,"column":3}},"locations":[{"start":{"line":8,"column":31},"end":{"line":10,"column":3}}]},"2":{"type":"branch","line":11,"loc":{"start":{"line":11,"column":-2},"end":{"line":16,"column":9}},"locations":[{"start":{"line":11,"column":-2},"end":{"line":16,"column":9}}]},"3":{"type":"branch","line":16,"loc":{"start":{"line":16,"column":6},"end":{"line":16,"column":54}},"locations":[{"start":{"line":16,"column":6},"end":{"line":16,"column":54}}]},"4":{"type":"branch","line":16,"loc":{"start":{"line":16,"column":54},"end":{"line":18,"column":9}},"locations":[{"start":{"line":16,"column":54},"end":{"line":18,"column":9}}]},"5":{"type":"branch","line":18,"loc":{"start":{"line":18,"column":3},"end":{"line":26,"column":1}},"locations":[{"start":{"line":18,"column":3},"end":{"line":26,"column":1}}]},"6":{"type":"branch","line":19,"loc":{"start":{"line":19,"column":50},"end":{"line":23,"column":5}},"locations":[{"start":{"line":19,"column":50},"end":{"line":23,"column":5}}]},"7":{"type":"branch","line":20,"loc":{"start":{"line":20,"column":54},"end":{"line":22,"column":7}},"locations":[{"start":{"line":20,"column":54},"end":{"line":22,"column":7}}]},"8":{"type":"branch","line":28,"loc":{"start":{"line":28,"column":0},"end":{"line":60,"column":1}},"locations":[{"start":{"line":28,"column":0},"end":{"line":60,"column":1}}]},"9":{"type":"branch","line":29,"loc":{"start":{"line":29,"column":31},"end":{"line":31,"column":3}},"locations":[{"start":{"line":29,"column":31},"end":{"line":31,"column":3}}]},"10":{"type":"branch","line":32,"loc":{"start":{"line":32,"column":-2},"end":{"line":35,"column":6}},"locations":[{"start":{"line":32,"column":-2},"end":{"line":35,"column":6}}]},"11":{"type":"branch","line":35,"loc":{"start":{"line":35,"column":32},"end":{"line":41,"column":3}},"locations":[{"start":{"line":35,"column":32},"end":{"line":41,"column":3}}]},"12":{"type":"branch","line":42,"loc":{"start":{"line":42,"column":-2},"end":{"line":45,"column":6}},"locations":[{"start":{"line":42,"column":-2},"end":{"line":45,"column":6}}]},"13":{"type":"branch","line":45,"loc":{"start":{"line":45,"column":36},"end":{"line":49,"column":3}},"locations":[{"start":{"line":45,"column":36},"end":{"line":49,"column":3}}]},"14":{"type":"branch","line":50,"loc":{"start":{"line":50,"column":-2},"end":{"line":50,"column":54}},"locations":[{"start":{"line":50,"column":-2},"end":{"line":50,"column":54}}]},"15":{"type":"branch","line":50,"loc":{"start":{"line":50,"column":54},"end":{"line":52,"column":9}},"locations":[{"start":{"line":50,"column":54},"end":{"line":52,"column":9}}]},"16":{"type":"branch","line":52,"loc":{"start":{"line":52,"column":3},"end":{"line":60,"column":1}},"locations":[{"start":{"line":52,"column":3},"end":{"line":60,"column":1}}]},"17":{"type":"branch","line":53,"loc":{"start":{"line":53,"column":50},"end":{"line":57,"column":5}},"locations":[{"start":{"line":53,"column":50},"end":{"line":57,"column":5}}]},"18":{"type":"branch","line":54,"loc":{"start":{"line":54,"column":54},"end":{"line":56,"column":7}},"locations":[{"start":{"line":54,"column":54},"end":{"line":56,"column":7}}]},"19":{"type":"branch","line":61,"loc":{"start":{"line":61,"column":0},"end":{"line":78,"column":1}},"locations":[{"start":{"line":61,"column":0},"end":{"line":78,"column":1}}]},"20":{"type":"branch","line":62,"loc":{"start":{"line":62,"column":31},"end":{"line":64,"column":3}},"locations":[{"start":{"line":62,"column":31},"end":{"line":64,"column":3}}]},"21":{"type":"branch","line":65,"loc":{"start":{"line":65,"column":-2},"end":{"line":68,"column":9}},"locations":[{"start":{"line":65,"column":-2},"end":{"line":68,"column":9}}]},"22":{"type":"branch","line":68,"loc":{"start":{"line":68,"column":6},"end":{"line":68,"column":54}},"locations":[{"start":{"line":68,"column":6},"end":{"line":68,"column":54}}]},"23":{"type":"branch","line":68,"loc":{"start":{"line":68,"column":54},"end":{"line":78,"column":1}},"locations":[{"start":{"line":68,"column":54},"end":{"line":78,"column":1}}]},"24":{"type":"branch","line":71,"loc":{"start":{"line":71,"column":50},"end":{"line":75,"column":5}},"locations":[{"start":{"line":71,"column":50},"end":{"line":75,"column":5}}]},"25":{"type":"branch","line":72,"loc":{"start":{"line":72,"column":54},"end":{"line":74,"column":7}},"locations":[{"start":{"line":72,"column":54},"end":{"line":74,"column":7}}]},"26":{"type":"branch","line":80,"loc":{"start":{"line":80,"column":0},"end":{"line":97,"column":1}},"locations":[{"start":{"line":80,"column":0},"end":{"line":97,"column":1}}]},"27":{"type":"branch","line":81,"loc":{"start":{"line":81,"column":31},"end":{"line":83,"column":3}},"locations":[{"start":{"line":81,"column":31},"end":{"line":83,"column":3}}]},"28":{"type":"branch","line":84,"loc":{"start":{"line":84,"column":-2},"end":{"line":87,"column":9}},"locations":[{"start":{"line":84,"column":-2},"end":{"line":87,"column":9}}]},"29":{"type":"branch","line":87,"loc":{"start":{"line":87,"column":6},"end":{"line":87,"column":54}},"locations":[{"start":{"line":87,"column":6},"end":{"line":87,"column":54}}]},"30":{"type":"branch","line":87,"loc":{"start":{"line":87,"column":54},"end":{"line":89,"column":9}},"locations":[{"start":{"line":87,"column":54},"end":{"line":89,"column":9}}]},"31":{"type":"branch","line":89,"loc":{"start":{"line":89,"column":3},"end":{"line":96,"column":3}},"locations":[{"start":{"line":89,"column":3},"end":{"line":96,"column":3}}]},"32":{"type":"branch","line":90,"loc":{"start":{"line":90,"column":51},"end":{"line":94,"column":5}},"locations":[{"start":{"line":90,"column":51},"end":{"line":94,"column":5}}]},"33":{"type":"branch","line":91,"loc":{"start":{"line":91,"column":55},"end":{"line":93,"column":7}},"locations":[{"start":{"line":91,"column":55},"end":{"line":93,"column":7}}]}},"b":{"0":[4],"1":[1],"2":[3],"3":[1],"4":[2],"5":[1],"6":[3],"7":[1],"8":[6],"9":[1],"10":[5],"11":[1],"12":[5],"13":[2],"14":[5],"15":[4],"16":[1],"17":[2],"18":[1],"19":[5],"20":[1],"21":[4],"22":[2],"23":[2],"24":[8],"25":[2],"26":[4],"27":[1],"28":[3],"29":[2],"30":[2],"31":[1],"32":[3],"33":[1]},"fnMap":{"0":{"name":"getFromJSONFile","decl":{"start":{"line":7,"column":0},"end":{"line":26,"column":1}},"loc":{"start":{"line":7,"column":0},"end":{"line":26,"column":1}},"line":7},"1":{"name":"getFromXMLFile","decl":{"start":{"line":28,"column":0},"end":{"line":60,"column":1}},"loc":{"start":{"line":28,"column":0},"end":{"line":60,"column":1}},"line":28},"2":{"name":"getFromCSV","decl":{"start":{"line":61,"column":0},"end":{"line":78,"column":1}},"loc":{"start":{"line":61,"column":0},"end":{"line":78,"column":1}},"line":61},"3":{"name":"getFromYaml","decl":{"start":{"line":80,"column":0},"end":{"line":97,"column":1}},"loc":{"start":{"line":80,"column":0},"end":{"line":97,"column":1}},"line":80}},"f":{"0":4,"1":6,"2":5,"3":4}}
,"E:\\DevEducation\\TeamProject_1\\server\\server_modules\\watch.js": {"path":"E:\\DevEducation\\TeamProject_1\\server\\server_modules\\watch.js","all":false,"statementMap":{"0":{"start":{"line":1,"column":0},"end":{"line":1,"column":23}},"1":{"start":{"line":2,"column":0},"end":{"line":2,"column":38}},"2":{"start":{"line":3,"column":0},"end":{"line":3,"column":42}},"3":{"start":{"line":4,"column":0},"end":{"line":4,"column":5}},"4":{"start":{"line":5,"column":0},"end":{"line":5,"column":18}},"5":{"start":{"line":6,"column":0},"end":{"line":6,"column":17}},"6":{"start":{"line":7,"column":0},"end":{"line":7,"column":13}},"7":{"start":{"line":8,"column":0},"end":{"line":8,"column":14}},"8":{"start":{"line":9,"column":0},"end":{"line":9,"column":29}},"9":{"start":{"line":10,"column":0},"end":{"line":10,"column":63}},"10":{"start":{"line":11,"column":0},"end":{"line":11,"column":22}},"11":{"start":{"line":12,"column":0},"end":{"line":12,"column":18}},"12":{"start":{"line":13,"column":0},"end":{"line":13,"column":17}},"13":{"start":{"line":14,"column":0},"end":{"line":14,"column":13}},"14":{"start":{"line":15,"column":0},"end":{"line":15,"column":14}},"15":{"start":{"line":16,"column":0},"end":{"line":16,"column":2}},"16":{"start":{"line":17,"column":0},"end":{"line":17,"column":27}},"17":{"start":{"line":18,"column":0},"end":{"line":18,"column":6}},"18":{"start":{"line":19,"column":0},"end":{"line":19,"column":6}},"19":{"start":{"line":20,"column":0},"end":{"line":20,"column":10}},"20":{"start":{"line":21,"column":0},"end":{"line":21,"column":14}},"21":{"start":{"line":22,"column":0},"end":{"line":22,"column":15}},"22":{"start":{"line":23,"column":0},"end":{"line":23,"column":17}},"23":{"start":{"line":24,"column":0},"end":{"line":24,"column":13}},"24":{"start":{"line":25,"column":0},"end":{"line":25,"column":3}},"25":{"start":{"line":26,"column":0},"end":{"line":26,"column":55}},"26":{"start":{"line":27,"column":0},"end":{"line":27,"column":40}},"27":{"start":{"line":28,"column":0},"end":{"line":28,"column":29}},"28":{"start":{"line":29,"column":0},"end":{"line":29,"column":51}},"29":{"start":{"line":30,"column":0},"end":{"line":30,"column":37}},"30":{"start":{"line":31,"column":0},"end":{"line":31,"column":36}},"31":{"start":{"line":32,"column":0},"end":{"line":32,"column":39}},"32":{"start":{"line":33,"column":0},"end":{"line":33,"column":38}},"33":{"start":{"line":34,"column":0},"end":{"line":34,"column":36}},"34":{"start":{"line":35,"column":0},"end":{"line":35,"column":35}},"35":{"start":{"line":36,"column":0},"end":{"line":36,"column":40}},"36":{"start":{"line":37,"column":0},"end":{"line":37,"column":32}},"37":{"start":{"line":38,"column":0},"end":{"line":38,"column":14}},"38":{"start":{"line":39,"column":0},"end":{"line":39,"column":11}},"39":{"start":{"line":40,"column":0},"end":{"line":40,"column":3}},"40":{"start":{"line":41,"column":0},"end":{"line":41,"column":1}},"41":{"start":{"line":42,"column":0},"end":{"line":42,"column":21}},"42":{"start":{"line":43,"column":0},"end":{"line":43,"column":6}},"43":{"start":{"line":44,"column":0},"end":{"line":44,"column":6}},"44":{"start":{"line":45,"column":0},"end":{"line":45,"column":10}},"45":{"start":{"line":46,"column":0},"end":{"line":46,"column":16}},"46":{"start":{"line":47,"column":0},"end":{"line":47,"column":3}},"47":{"start":{"line":48,"column":0},"end":{"line":48,"column":0}},"48":{"start":{"line":49,"column":0},"end":{"line":49,"column":51}},"49":{"start":{"line":50,"column":0},"end":{"line":50,"column":58}},"50":{"start":{"line":51,"column":0},"end":{"line":51,"column":34}},"51":{"start":{"line":52,"column":0},"end":{"line":52,"column":78}},"52":{"start":{"line":53,"column":0},"end":{"line":53,"column":32}},"53":{"start":{"line":54,"column":0},"end":{"line":54,"column":26}},"54":{"start":{"line":55,"column":0},"end":{"line":55,"column":11}},"55":{"start":{"line":56,"column":0},"end":{"line":56,"column":3}},"56":{"start":{"line":57,"column":0},"end":{"line":57,"column":41}},"57":{"start":{"line":58,"column":0},"end":{"line":58,"column":35}},"58":{"start":{"line":59,"column":0},"end":{"line":59,"column":59}},"59":{"start":{"line":60,"column":0},"end":{"line":60,"column":32}},"60":{"start":{"line":61,"column":0},"end":{"line":61,"column":42}},"61":{"start":{"line":62,"column":0},"end":{"line":62,"column":11}},"62":{"start":{"line":63,"column":0},"end":{"line":63,"column":3}},"63":{"start":{"line":64,"column":0},"end":{"line":64,"column":34}},"64":{"start":{"line":65,"column":0},"end":{"line":65,"column":58}},"65":{"start":{"line":66,"column":0},"end":{"line":66,"column":37}},"66":{"start":{"line":67,"column":0},"end":{"line":67,"column":34}},"67":{"start":{"line":68,"column":0},"end":{"line":68,"column":34}},"68":{"start":{"line":69,"column":0},"end":{"line":69,"column":13}},"69":{"start":{"line":70,"column":0},"end":{"line":70,"column":46}},"70":{"start":{"line":71,"column":0},"end":{"line":71,"column":34}},"71":{"start":{"line":72,"column":0},"end":{"line":72,"column":46}},"72":{"start":{"line":73,"column":0},"end":{"line":73,"column":13}},"73":{"start":{"line":74,"column":0},"end":{"line":74,"column":12}},"74":{"start":{"line":75,"column":0},"end":{"line":75,"column":34}},"75":{"start":{"line":76,"column":0},"end":{"line":76,"column":44}},"76":{"start":{"line":77,"column":0},"end":{"line":77,"column":13}},"77":{"start":{"line":78,"column":0},"end":{"line":78,"column":5}},"78":{"start":{"line":79,"column":0},"end":{"line":79,"column":3}},"79":{"start":{"line":80,"column":0},"end":{"line":80,"column":34}},"80":{"start":{"line":81,"column":0},"end":{"line":81,"column":54}},"81":{"start":{"line":82,"column":0},"end":{"line":82,"column":32}},"82":{"start":{"line":83,"column":0},"end":{"line":83,"column":42}},"83":{"start":{"line":84,"column":0},"end":{"line":84,"column":11}},"84":{"start":{"line":85,"column":0},"end":{"line":85,"column":3}},"85":{"start":{"line":86,"column":0},"end":{"line":86,"column":35}},"86":{"start":{"line":87,"column":0},"end":{"line":87,"column":55}},"87":{"start":{"line":88,"column":0},"end":{"line":88,"column":32}},"88":{"start":{"line":89,"column":0},"end":{"line":89,"column":42}},"89":{"start":{"line":90,"column":0},"end":{"line":90,"column":11}},"90":{"start":{"line":91,"column":0},"end":{"line":91,"column":3}},"91":{"start":{"line":92,"column":0},"end":{"line":92,"column":1}},"92":{"start":{"line":93,"column":0},"end":{"line":93,"column":42}},"93":{"start":{"line":94,"column":0},"end":{"line":94,"column":55}},"94":{"start":{"line":95,"column":0},"end":{"line":95,"column":71}},"95":{"start":{"line":96,"column":0},"end":{"line":96,"column":67}},"96":{"start":{"line":97,"column":0},"end":{"line":97,"column":43}},"97":{"start":{"line":98,"column":0},"end":{"line":98,"column":52}},"98":{"start":{"line":99,"column":0},"end":{"line":99,"column":40}},"99":{"start":{"line":100,"column":0},"end":{"line":100,"column":52}},"100":{"start":{"line":101,"column":0},"end":{"line":101,"column":40}},"101":{"start":{"line":102,"column":0},"end":{"line":102,"column":25}},"102":{"start":{"line":103,"column":0},"end":{"line":103,"column":37}},"103":{"start":{"line":104,"column":0},"end":{"line":104,"column":39}},"104":{"start":{"line":105,"column":0},"end":{"line":105,"column":10}},"105":{"start":{"line":106,"column":0},"end":{"line":106,"column":17}},"106":{"start":{"line":107,"column":0},"end":{"line":107,"column":7}},"107":{"start":{"line":108,"column":0},"end":{"line":108,"column":39}},"108":{"start":{"line":109,"column":0},"end":{"line":109,"column":50}},"109":{"start":{"line":110,"column":0},"end":{"line":110,"column":70}},"110":{"start":{"line":111,"column":0},"end":{"line":111,"column":35}},"111":{"start":{"line":112,"column":0},"end":{"line":112,"column":44}},"112":{"start":{"line":113,"column":0},"end":{"line":113,"column":27}},"113":{"start":{"line":114,"column":0},"end":{"line":114,"column":38}},"114":{"start":{"line":115,"column":0},"end":{"line":115,"column":41}},"115":{"start":{"line":116,"column":0},"end":{"line":116,"column":12}},"116":{"start":{"line":117,"column":0},"end":{"line":117,"column":19}},"117":{"start":{"line":118,"column":0},"end":{"line":118,"column":46}},"118":{"start":{"line":119,"column":0},"end":{"line":119,"column":80}},"119":{"start":{"line":120,"column":0},"end":{"line":120,"column":17}},"120":{"start":{"line":121,"column":0},"end":{"line":121,"column":7}},"121":{"start":{"line":122,"column":0},"end":{"line":122,"column":40}},"122":{"start":{"line":123,"column":0},"end":{"line":123,"column":48}},"123":{"start":{"line":124,"column":0},"end":{"line":124,"column":40}},"124":{"start":{"line":125,"column":0},"end":{"line":125,"column":25}},"125":{"start":{"line":126,"column":0},"end":{"line":126,"column":37}},"126":{"start":{"line":127,"column":0},"end":{"line":127,"column":39}},"127":{"start":{"line":128,"column":0},"end":{"line":128,"column":10}},"128":{"start":{"line":129,"column":0},"end":{"line":129,"column":17}},"129":{"start":{"line":130,"column":0},"end":{"line":130,"column":7}},"130":{"start":{"line":131,"column":0},"end":{"line":131,"column":39}},"131":{"start":{"line":132,"column":0},"end":{"line":132,"column":30}},"132":{"start":{"line":133,"column":0},"end":{"line":133,"column":46}},"133":{"start":{"line":134,"column":0},"end":{"line":134,"column":39}},"134":{"start":{"line":135,"column":0},"end":{"line":135,"column":80}},"135":{"start":{"line":136,"column":0},"end":{"line":136,"column":17}},"136":{"start":{"line":137,"column":0},"end":{"line":137,"column":7}},"137":{"start":{"line":138,"column":0},"end":{"line":138,"column":5}},"138":{"start":{"line":139,"column":0},"end":{"line":139,"column":30}},"139":{"start":{"line":140,"column":0},"end":{"line":140,"column":18}},"140":{"start":{"line":141,"column":0},"end":{"line":141,"column":1}},"141":{"start":{"line":142,"column":0},"end":{"line":142,"column":44}},"142":{"start":{"line":143,"column":0},"end":{"line":143,"column":83}},"143":{"start":{"line":144,"column":0},"end":{"line":144,"column":72}},"144":{"start":{"line":145,"column":0},"end":{"line":145,"column":43}},"145":{"start":{"line":146,"column":0},"end":{"line":146,"column":37}},"146":{"start":{"line":147,"column":0},"end":{"line":147,"column":50}},"147":{"start":{"line":148,"column":0},"end":{"line":148,"column":54}},"148":{"start":{"line":149,"column":0},"end":{"line":149,"column":54}},"149":{"start":{"line":150,"column":0},"end":{"line":150,"column":37}},"150":{"start":{"line":151,"column":0},"end":{"line":151,"column":9}},"151":{"start":{"line":152,"column":0},"end":{"line":152,"column":7}},"152":{"start":{"line":153,"column":0},"end":{"line":153,"column":23}},"153":{"start":{"line":154,"column":0},"end":{"line":154,"column":35}},"154":{"start":{"line":155,"column":0},"end":{"line":155,"column":37}},"155":{"start":{"line":156,"column":0},"end":{"line":156,"column":8}},"156":{"start":{"line":157,"column":0},"end":{"line":157,"column":5}},"157":{"start":{"line":158,"column":0},"end":{"line":158,"column":36}},"158":{"start":{"line":159,"column":0},"end":{"line":159,"column":39}},"159":{"start":{"line":160,"column":0},"end":{"line":160,"column":44}},"160":{"start":{"line":161,"column":0},"end":{"line":161,"column":21}},"161":{"start":{"line":162,"column":0},"end":{"line":162,"column":46}},"162":{"start":{"line":163,"column":0},"end":{"line":163,"column":29}},"163":{"start":{"line":164,"column":0},"end":{"line":164,"column":11}},"164":{"start":{"line":165,"column":0},"end":{"line":165,"column":9}},"165":{"start":{"line":166,"column":0},"end":{"line":166,"column":7}},"166":{"start":{"line":167,"column":0},"end":{"line":167,"column":69}},"167":{"start":{"line":168,"column":0},"end":{"line":168,"column":5}},"168":{"start":{"line":169,"column":0},"end":{"line":169,"column":37}},"169":{"start":{"line":170,"column":0},"end":{"line":170,"column":46}},"170":{"start":{"line":171,"column":0},"end":{"line":171,"column":54}},"171":{"start":{"line":172,"column":0},"end":{"line":172,"column":54}},"172":{"start":{"line":173,"column":0},"end":{"line":173,"column":37}},"173":{"start":{"line":174,"column":0},"end":{"line":174,"column":9}},"174":{"start":{"line":175,"column":0},"end":{"line":175,"column":7}},"175":{"start":{"line":176,"column":0},"end":{"line":176,"column":23}},"176":{"start":{"line":177,"column":0},"end":{"line":177,"column":35}},"177":{"start":{"line":178,"column":0},"end":{"line":178,"column":37}},"178":{"start":{"line":179,"column":0},"end":{"line":179,"column":8}},"179":{"start":{"line":180,"column":0},"end":{"line":180,"column":5}},"180":{"start":{"line":181,"column":0},"end":{"line":181,"column":36}},"181":{"start":{"line":182,"column":0},"end":{"line":182,"column":44}},"182":{"start":{"line":183,"column":0},"end":{"line":183,"column":53}},"183":{"start":{"line":184,"column":0},"end":{"line":184,"column":53}},"184":{"start":{"line":185,"column":0},"end":{"line":185,"column":36}},"185":{"start":{"line":186,"column":0},"end":{"line":186,"column":9}},"186":{"start":{"line":187,"column":0},"end":{"line":187,"column":7}},"187":{"start":{"line":188,"column":0},"end":{"line":188,"column":78}},"188":{"start":{"line":189,"column":0},"end":{"line":189,"column":5}},"189":{"start":{"line":190,"column":0},"end":{"line":190,"column":30}},"190":{"start":{"line":191,"column":0},"end":{"line":191,"column":18}},"191":{"start":{"line":192,"column":0},"end":{"line":192,"column":1}},"192":{"start":{"line":193,"column":0},"end":{"line":193,"column":41}},"193":{"start":{"line":194,"column":0},"end":{"line":194,"column":34}},"194":{"start":{"line":195,"column":0},"end":{"line":195,"column":75}},"195":{"start":{"line":196,"column":0},"end":{"line":196,"column":41}},"196":{"start":{"line":197,"column":0},"end":{"line":197,"column":49}},"197":{"start":{"line":198,"column":0},"end":{"line":198,"column":49}},"198":{"start":{"line":199,"column":0},"end":{"line":199,"column":43}},"199":{"start":{"line":200,"column":0},"end":{"line":200,"column":41}},"200":{"start":{"line":201,"column":0},"end":{"line":201,"column":59}},"201":{"start":{"line":202,"column":0},"end":{"line":202,"column":41}},"202":{"start":{"line":203,"column":0},"end":{"line":203,"column":47}},"203":{"start":{"line":204,"column":0},"end":{"line":204,"column":47}},"204":{"start":{"line":205,"column":0},"end":{"line":205,"column":9}},"205":{"start":{"line":206,"column":0},"end":{"line":206,"column":7}},"206":{"start":{"line":207,"column":0},"end":{"line":207,"column":79}},"207":{"start":{"line":208,"column":0},"end":{"line":208,"column":34}},"208":{"start":{"line":209,"column":0},"end":{"line":209,"column":40}},"209":{"start":{"line":210,"column":0},"end":{"line":210,"column":10}},"210":{"start":{"line":211,"column":0},"end":{"line":211,"column":49}},"211":{"start":{"line":212,"column":0},"end":{"line":212,"column":3}},"212":{"start":{"line":213,"column":0},"end":{"line":213,"column":1}},"213":{"start":{"line":214,"column":0},"end":{"line":214,"column":0}},"214":{"start":{"line":215,"column":0},"end":{"line":215,"column":18}},"215":{"start":{"line":216,"column":0},"end":{"line":216,"column":20}},"216":{"start":{"line":217,"column":0},"end":{"line":217,"column":14}},"217":{"start":{"line":218,"column":0},"end":{"line":218,"column":15}},"218":{"start":{"line":219,"column":0},"end":{"line":219,"column":17}},"219":{"start":{"line":220,"column":0},"end":{"line":220,"column":14}},"220":{"start":{"line":221,"column":0},"end":{"line":221,"column":2}}},"s":{"0":1,"1":1,"2":1,"3":1,"4":1,"5":1,"6":1,"7":1,"8":1,"9":1,"10":1,"11":1,"12":1,"13":1,"14":1,"15":1,"16":14,"17":14,"18":14,"19":14,"20":14,"21":14,"22":14,"23":14,"24":14,"25":14,"26":14,"27":14,"28":3,"29":14,"30":1,"31":11,"32":2,"33":10,"34":4,"35":4,"36":3,"37":3,"38":3,"39":3,"40":14,"41":8,"42":8,"43":8,"44":8,"45":8,"46":8,"47":8,"48":8,"49":8,"50":8,"51":1,"52":1,"53":1,"54":1,"55":1,"56":7,"57":8,"58":1,"59":1,"60":1,"61":1,"62":1,"63":8,"64":3,"65":3,"66":1,"67":1,"68":1,"69":3,"70":1,"71":1,"72":1,"73":1,"74":1,"75":1,"76":1,"77":1,"78":3,"79":8,"80":1,"81":1,"82":1,"83":1,"84":1,"85":8,"86":1,"87":1,"88":1,"89":1,"90":1,"91":8,"92":0,"93":0,"94":0,"95":0,"96":0,"97":0,"98":0,"99":0,"100":0,"101":0,"102":0,"103":0,"104":0,"105":0,"106":0,"107":0,"108":0,"109":0,"110":0,"111":0,"112":0,"113":0,"114":0,"115":0,"116":0,"117":0,"118":0,"119":0,"120":0,"121":0,"122":0,"123":0,"124":0,"125":0,"126":0,"127":0,"128":0,"129":0,"130":0,"131":0,"132":0,"133":0,"134":0,"135":0,"136":0,"137":0,"138":0,"139":0,"140":0,"141":0,"142":0,"143":0,"144":0,"145":0,"146":0,"147":0,"148":0,"149":0,"150":0,"151":0,"152":0,"153":0,"154":0,"155":0,"156":0,"157":0,"158":0,"159":0,"160":0,"161":0,"162":0,"163":0,"164":0,"165":0,"166":0,"167":0,"168":0,"169":0,"170":0,"171":0,"172":0,"173":0,"174":0,"175":0,"176":0,"177":0,"178":0,"179":0,"180":0,"181":0,"182":0,"183":0,"184":0,"185":0,"186":0,"187":0,"188":0,"189":0,"190":0,"191":0,"192":0,"193":0,"194":0,"195":0,"196":0,"197":0,"198":0,"199":0,"200":0,"201":0,"202":0,"203":0,"204":0,"205":0,"206":0,"207":0,"208":0,"209":0,"210":0,"211":0,"212":0,"213":1,"214":1,"215":1,"216":1,"217":1,"218":1,"219":1,"220":1},"branchMap":{"0":{"type":"branch","line":17,"loc":{"start":{"line":17,"column":0},"end":{"line":41,"column":1}},"locations":[{"start":{"line":17,"column":0},"end":{"line":41,"column":1}}]},"1":{"type":"branch","line":28,"loc":{"start":{"line":28,"column":28},"end":{"line":30,"column":9}},"locations":[{"start":{"line":28,"column":28},"end":{"line":30,"column":9}}]},"2":{"type":"branch","line":30,"loc":{"start":{"line":30,"column":3},"end":{"line":40,"column":3}},"locations":[{"start":{"line":30,"column":3},"end":{"line":40,"column":3}}]},"3":{"type":"branch","line":30,"loc":{"start":{"line":30,"column":36},"end":{"line":32,"column":9}},"locations":[{"start":{"line":30,"column":36},"end":{"line":32,"column":9}}]},"4":{"type":"branch","line":32,"loc":{"start":{"line":32,"column":3},"end":{"line":40,"column":3}},"locations":[{"start":{"line":32,"column":3},"end":{"line":40,"column":3}}]},"5":{"type":"branch","line":32,"loc":{"start":{"line":32,"column":38},"end":{"line":34,"column":9}},"locations":[{"start":{"line":32,"column":38},"end":{"line":34,"column":9}}]},"6":{"type":"branch","line":34,"loc":{"start":{"line":34,"column":3},"end":{"line":40,"column":3}},"locations":[{"start":{"line":34,"column":3},"end":{"line":40,"column":3}}]},"7":{"type":"branch","line":34,"loc":{"start":{"line":34,"column":35},"end":{"line":40,"column":3}},"locations":[{"start":{"line":34,"column":35},"end":{"line":40,"column":3}}]},"8":{"type":"branch","line":36,"loc":{"start":{"line":36,"column":39},"end":{"line":40,"column":3}},"locations":[{"start":{"line":36,"column":39},"end":{"line":40,"column":3}}]},"9":{"type":"branch","line":42,"loc":{"start":{"line":42,"column":0},"end":{"line":92,"column":1}},"locations":[{"start":{"line":42,"column":0},"end":{"line":92,"column":1}}]},"10":{"type":"branch","line":51,"loc":{"start":{"line":51,"column":33},"end":{"line":56,"column":3}},"locations":[{"start":{"line":51,"column":33},"end":{"line":56,"column":3}}]},"11":{"type":"branch","line":57,"loc":{"start":{"line":57,"column":-2},"end":{"line":58,"column":6}},"locations":[{"start":{"line":57,"column":-2},"end":{"line":58,"column":6}}]},"12":{"type":"branch","line":58,"loc":{"start":{"line":58,"column":34},"end":{"line":63,"column":3}},"locations":[{"start":{"line":58,"column":34},"end":{"line":63,"column":3}}]},"13":{"type":"branch","line":64,"loc":{"start":{"line":64,"column":-2},"end":{"line":64,"column":6}},"locations":[{"start":{"line":64,"column":-2},"end":{"line":64,"column":6}}]},"14":{"type":"branch","line":64,"loc":{"start":{"line":64,"column":33},"end":{"line":80,"column":6}},"locations":[{"start":{"line":64,"column":33},"end":{"line":80,"column":6}}]},"15":{"type":"branch","line":66,"loc":{"start":{"line":66,"column":36},"end":{"line":70,"column":11}},"locations":[{"start":{"line":66,"column":36},"end":{"line":70,"column":11}}]},"16":{"type":"branch","line":70,"loc":{"start":{"line":70,"column":5},"end":{"line":78,"column":5}},"locations":[{"start":{"line":70,"column":5},"end":{"line":78,"column":5}}]},"17":{"type":"branch","line":70,"loc":{"start":{"line":70,"column":45},"end":{"line":78,"column":5}},"locations":[{"start":{"line":70,"column":45},"end":{"line":78,"column":5}}]},"18":{"type":"branch","line":80,"loc":{"start":{"line":80,"column":33},"end":{"line":85,"column":3}},"locations":[{"start":{"line":80,"column":33},"end":{"line":85,"column":3}}]},"19":{"type":"branch","line":86,"loc":{"start":{"line":86,"column":-2},"end":{"line":86,"column":6}},"locations":[{"start":{"line":86,"column":-2},"end":{"line":86,"column":6}}]},"20":{"type":"branch","line":86,"loc":{"start":{"line":86,"column":34},"end":{"line":91,"column":3}},"locations":[{"start":{"line":86,"column":34},"end":{"line":91,"column":3}}]}},"b":{"0":[14],"1":[3],"2":[11],"3":[1],"4":[10],"5":[2],"6":[8],"7":[4],"8":[3],"9":[8],"10":[1],"11":[7],"12":[1],"13":[6],"14":[3],"15":[1],"16":[2],"17":[1],"18":[1],"19":[2],"20":[1]},"fnMap":{"0":{"name":"watchMethodAndUrl","decl":{"start":{"line":17,"column":0},"end":{"line":41,"column":1}},"loc":{"start":{"line":17,"column":0},"end":{"line":41,"column":1}},"line":17},"1":{"name":"watchGetUrl","decl":{"start":{"line":42,"column":0},"end":{"line":92,"column":1}},"loc":{"start":{"line":42,"column":0},"end":{"line":92,"column":1}},"line":42},"2":{"name":"watchPostUrl","decl":{"start":{"line":93,"column":0},"end":{"line":141,"column":1}},"loc":{"start":{"line":93,"column":0},"end":{"line":141,"column":1}},"line":93},"3":{"name":"watchDeleteUrl","decl":{"start":{"line":142,"column":0},"end":{"line":192,"column":1}},"loc":{"start":{"line":142,"column":0},"end":{"line":192,"column":1}},"line":142},"4":{"name":"watchPutUrl","decl":{"start":{"line":193,"column":0},"end":{"line":213,"column":1}},"loc":{"start":{"line":193,"column":0},"end":{"line":213,"column":1}},"line":193}},"f":{"0":14,"1":8,"2":0,"3":0,"4":0}}
}
