{"E:\\DevEducation\\TeamProject_1\\server\\server_modules\\convertParse.js": {"path":"E:\\DevEducation\\TeamProject_1\\server\\server_modules\\convertParse.js","all":false,"statementMap":{"0":{"start":{"line":1,"column":0},"end":{"line":1,"column":30}},"1":{"start":{"line":2,"column":0},"end":{"line":2,"column":40}},"2":{"start":{"line":3,"column":0},"end":{"line":3,"column":17}},"3":{"start":{"line":4,"column":0},"end":{"line":4,"column":3}},"4":{"start":{"line":5,"column":0},"end":{"line":5,"column":18}},"5":{"start":{"line":6,"column":0},"end":{"line":6,"column":42}},"6":{"start":{"line":7,"column":0},"end":{"line":7,"column":42}},"7":{"start":{"line":8,"column":0},"end":{"line":8,"column":39}},"8":{"start":{"line":9,"column":0},"end":{"line":9,"column":15}},"9":{"start":{"line":10,"column":0},"end":{"line":10,"column":5}},"10":{"start":{"line":11,"column":0},"end":{"line":11,"column":46}},"11":{"start":{"line":12,"column":0},"end":{"line":12,"column":3}},"12":{"start":{"line":13,"column":0},"end":{"line":13,"column":16}},"13":{"start":{"line":14,"column":0},"end":{"line":14,"column":1}},"14":{"start":{"line":15,"column":0},"end":{"line":15,"column":31}},"15":{"start":{"line":16,"column":0},"end":{"line":16,"column":35}},"16":{"start":{"line":17,"column":0},"end":{"line":17,"column":17}},"17":{"start":{"line":18,"column":0},"end":{"line":18,"column":3}},"18":{"start":{"line":19,"column":0},"end":{"line":19,"column":30}},"19":{"start":{"line":20,"column":0},"end":{"line":20,"column":18}},"20":{"start":{"line":21,"column":0},"end":{"line":21,"column":43}},"21":{"start":{"line":22,"column":0},"end":{"line":22,"column":17}},"22":{"start":{"line":23,"column":0},"end":{"line":23,"column":59}},"23":{"start":{"line":24,"column":0},"end":{"line":24,"column":59}},"24":{"start":{"line":25,"column":0},"end":{"line":25,"column":67}},"25":{"start":{"line":26,"column":0},"end":{"line":26,"column":59}},"26":{"start":{"line":27,"column":0},"end":{"line":27,"column":59}},"27":{"start":{"line":28,"column":0},"end":{"line":28,"column":66}},"28":{"start":{"line":29,"column":0},"end":{"line":29,"column":21}},"29":{"start":{"line":30,"column":0},"end":{"line":30,"column":3}},"30":{"start":{"line":31,"column":0},"end":{"line":31,"column":16}},"31":{"start":{"line":32,"column":0},"end":{"line":32,"column":1}},"32":{"start":{"line":33,"column":0},"end":{"line":33,"column":30}},"33":{"start":{"line":34,"column":0},"end":{"line":34,"column":38}},"34":{"start":{"line":35,"column":0},"end":{"line":35,"column":17}},"35":{"start":{"line":36,"column":0},"end":{"line":36,"column":3}},"36":{"start":{"line":37,"column":0},"end":{"line":37,"column":29}},"37":{"start":{"line":38,"column":0},"end":{"line":38,"column":42}},"38":{"start":{"line":39,"column":0},"end":{"line":39,"column":31}},"39":{"start":{"line":40,"column":0},"end":{"line":40,"column":54}},"40":{"start":{"line":41,"column":0},"end":{"line":41,"column":15}},"41":{"start":{"line":42,"column":0},"end":{"line":42,"column":5}},"42":{"start":{"line":43,"column":0},"end":{"line":43,"column":31}},"43":{"start":{"line":44,"column":0},"end":{"line":44,"column":53}},"44":{"start":{"line":45,"column":0},"end":{"line":45,"column":5}},"45":{"start":{"line":46,"column":0},"end":{"line":46,"column":38}},"46":{"start":{"line":47,"column":0},"end":{"line":47,"column":3}},"47":{"start":{"line":48,"column":0},"end":{"line":48,"column":27}},"48":{"start":{"line":49,"column":0},"end":{"line":49,"column":16}},"49":{"start":{"line":50,"column":0},"end":{"line":50,"column":1}},"50":{"start":{"line":51,"column":0},"end":{"line":51,"column":18}},"51":{"start":{"line":52,"column":0},"end":{"line":52,"column":15}},"52":{"start":{"line":53,"column":0},"end":{"line":53,"column":15}},"53":{"start":{"line":54,"column":0},"end":{"line":54,"column":15}},"54":{"start":{"line":55,"column":0},"end":{"line":55,"column":2}}},"s":{"0":3,"1":3,"2":1,"3":1,"4":2,"5":2,"6":2,"7":2,"8":1,"9":1,"10":1,"11":1,"12":2,"13":2,"14":6,"15":6,"16":4,"17":4,"18":2,"19":2,"20":6,"21":6,"22":6,"23":6,"24":6,"25":6,"26":6,"27":6,"28":6,"29":6,"30":2,"31":2,"32":5,"33":5,"34":1,"35":1,"36":4,"37":5,"38":5,"39":5,"40":4,"41":4,"42":1,"43":1,"44":1,"45":1,"46":1,"47":4,"48":4,"49":4,"50":1,"51":1,"52":1,"53":1,"54":1},"branchMap":{"0":{"type":"branch","line":1,"loc":{"start":{"line":1,"column":0},"end":{"line":14,"column":1}},"locations":[{"start":{"line":1,"column":0},"end":{"line":14,"column":1}}]},"1":{"type":"branch","line":2,"loc":{"start":{"line":2,"column":6},"end":{"line":2,"column":22}},"locations":[{"start":{"line":2,"column":6},"end":{"line":2,"column":22}}]},"2":{"type":"branch","line":2,"loc":{"start":{"line":2,"column":39},"end":{"line":4,"column":3}},"locations":[{"start":{"line":2,"column":39},"end":{"line":4,"column":3}}]},"3":{"type":"branch","line":5,"loc":{"start":{"line":5,"column":-2},"end":{"line":14,"column":1}},"locations":[{"start":{"line":5,"column":-2},"end":{"line":14,"column":1}}]},"4":{"type":"branch","line":8,"loc":{"start":{"line":8,"column":38},"end":{"line":12,"column":3}},"locations":[{"start":{"line":8,"column":38},"end":{"line":12,"column":3}}]},"5":{"type":"branch","line":15,"loc":{"start":{"line":15,"column":0},"end":{"line":32,"column":1}},"locations":[{"start":{"line":15,"column":0},"end":{"line":32,"column":1}}]},"6":{"type":"branch","line":16,"loc":{"start":{"line":16,"column":34},"end":{"line":18,"column":3}},"locations":[{"start":{"line":16,"column":34},"end":{"line":18,"column":3}}]},"7":{"type":"branch","line":19,"loc":{"start":{"line":19,"column":-2},"end":{"line":21,"column":7}},"locations":[{"start":{"line":19,"column":-2},"end":{"line":21,"column":7}}]},"8":{"type":"branch","line":31,"loc":{"start":{"line":31,"column":-2},"end":{"line":32,"column":1}},"locations":[{"start":{"line":31,"column":-2},"end":{"line":32,"column":1}}]},"9":{"type":"branch","line":33,"loc":{"start":{"line":33,"column":0},"end":{"line":50,"column":1}},"locations":[{"start":{"line":33,"column":0},"end":{"line":50,"column":1}}]},"10":{"type":"branch","line":34,"loc":{"start":{"line":34,"column":5},"end":{"line":34,"column":21}},"locations":[{"start":{"line":34,"column":5},"end":{"line":34,"column":21}}]},"11":{"type":"branch","line":34,"loc":{"start":{"line":34,"column":37},"end":{"line":36,"column":3}},"locations":[{"start":{"line":34,"column":37},"end":{"line":36,"column":3}}]},"12":{"type":"branch","line":37,"loc":{"start":{"line":37,"column":-2},"end":{"line":38,"column":7}},"locations":[{"start":{"line":37,"column":-2},"end":{"line":38,"column":7}}]},"13":{"type":"branch","line":40,"loc":{"start":{"line":40,"column":8},"end":{"line":40,"column":53}},"locations":[{"start":{"line":40,"column":8},"end":{"line":40,"column":53}}]},"14":{"type":"branch","line":40,"loc":{"start":{"line":40,"column":53},"end":{"line":42,"column":5}},"locations":[{"start":{"line":40,"column":53},"end":{"line":42,"column":5}}]},"15":{"type":"branch","line":43,"loc":{"start":{"line":43,"column":-2},"end":{"line":47,"column":3}},"locations":[{"start":{"line":43,"column":-2},"end":{"line":47,"column":3}}]},"16":{"type":"branch","line":48,"loc":{"start":{"line":48,"column":-2},"end":{"line":50,"column":1}},"locations":[{"start":{"line":48,"column":-2},"end":{"line":50,"column":1}}]}},"b":{"0":[3],"1":[2],"2":[1],"3":[2],"4":[1],"5":[6],"6":[4],"7":[2],"8":[2],"9":[5],"10":[4],"11":[1],"12":[4],"13":[3],"14":[4],"15":[1],"16":[4]},"fnMap":{"0":{"name":"convertToCSV","decl":{"start":{"line":1,"column":0},"end":{"line":14,"column":1}},"loc":{"start":{"line":1,"column":0},"end":{"line":14,"column":1}},"line":1},"1":{"name":"parseFromCSV","decl":{"start":{"line":15,"column":0},"end":{"line":32,"column":1}},"loc":{"start":{"line":15,"column":0},"end":{"line":32,"column":1}},"line":15},"2":{"name":"convertToXML","decl":{"start":{"line":33,"column":0},"end":{"line":50,"column":1}},"loc":{"start":{"line":33,"column":0},"end":{"line":50,"column":1}},"line":33}},"f":{"0":3,"1":6,"2":5}}
}
