TN:
SF:server_modules\convertParse.js
FN:1,convertToCSV
FN:15,parseFromCSV
FN:33,convertToXML
FNF:3
FNH:3
FNDA:3,convertToCSV
FNDA:10,parseFromCSV
FNDA:5,convertToXML
DA:1,3
DA:2,3
DA:3,1
DA:4,1
DA:5,2
DA:6,2
DA:7,2
DA:8,2
DA:9,1
DA:10,1
DA:11,1
DA:12,1
DA:13,2
DA:14,2
DA:15,10
DA:16,10
DA:17,4
DA:18,4
DA:19,6
DA:20,6
DA:21,10
DA:22,20
DA:23,20
DA:24,20
DA:25,20
DA:26,20
DA:27,20
DA:28,20
DA:29,20
DA:30,20
DA:31,6
DA:32,6
DA:33,5
DA:34,5
DA:35,1
DA:36,1
DA:37,4
DA:38,5
DA:39,5
DA:40,5
DA:41,4
DA:42,4
DA:43,1
DA:44,1
DA:45,1
DA:46,1
DA:47,1
DA:48,4
DA:49,4
DA:50,4
DA:51,1
DA:52,1
DA:53,1
DA:54,1
DA:55,1
LF:55
LH:55
BRDA:1,0,0,3
BRDA:2,1,0,2
BRDA:2,2,0,1
BRDA:5,3,0,2
BRDA:8,4,0,1
BRDA:15,5,0,10
BRDA:16,6,0,4
BRDA:19,7,0,6
BRDA:21,8,0,20
BRDA:31,9,0,6
BRDA:33,10,0,5
BRDA:34,11,0,4
BRDA:34,12,0,1
BRDA:37,13,0,4
BRDA:40,14,0,3
BRDA:40,15,0,4
BRDA:43,16,0,1
BRDA:48,17,0,4
BRF:18
BRH:18
end_of_record
TN:
SF:server_modules\getFromFile.js
FN:7,getFromJSONFile
FN:28,getFromXMLFile
FN:61,getFromCSV
FN:80,getFromYaml
FNF:4
FNH:4
FNDA:4,getFromJSONFile
FNDA:6,getFromXMLFile
FNDA:5,getFromCSV
FNDA:4,getFromYaml
DA:1,1
DA:2,1
DA:3,1
DA:4,1
DA:5,1
DA:6,1
DA:7,4
DA:8,4
DA:9,1
DA:10,1
DA:11,3
DA:12,3
DA:13,3
DA:14,3
DA:15,3
DA:16,4
DA:17,2
DA:18,4
DA:19,1
DA:20,3
DA:21,1
DA:22,1
DA:23,3
DA:24,1
DA:25,1
DA:26,1
DA:27,1
DA:28,6
DA:29,6
DA:30,1
DA:31,1
DA:32,5
DA:33,5
DA:34,5
DA:35,6
DA:36,1
DA:37,1
DA:38,1
DA:39,1
DA:40,1
DA:41,1
DA:42,5
DA:43,5
DA:44,5
DA:45,6
DA:46,2
DA:47,2
DA:48,2
DA:49,2
DA:50,6
DA:51,4
DA:52,6
DA:53,1
DA:54,2
DA:55,1
DA:56,1
DA:57,2
DA:58,1
DA:59,1
DA:60,1
DA:61,5
DA:62,5
DA:63,1
DA:64,1
DA:65,4
DA:66,4
DA:67,4
DA:68,5
DA:69,2
DA:70,2
DA:71,2
DA:72,8
DA:73,2
DA:74,2
DA:75,8
DA:76,2
DA:77,2
DA:78,2
DA:79,1
DA:80,4
DA:81,4
DA:82,1
DA:83,1
DA:84,3
DA:85,3
DA:86,3
DA:87,4
DA:88,2
DA:89,4
DA:90,1
DA:91,3
DA:92,1
DA:93,1
DA:94,3
DA:95,1
DA:96,1
DA:97,4
DA:98,1
DA:99,1
DA:100,1
DA:101,1
DA:102,1
DA:103,1
LF:103
LH:103
BRDA:7,0,0,4
BRDA:8,1,0,1
BRDA:11,2,0,3
BRDA:16,3,0,1
BRDA:16,4,0,2
BRDA:18,5,0,1
BRDA:19,6,0,3
BRDA:20,7,0,1
BRDA:28,8,0,6
BRDA:29,9,0,1
BRDA:32,10,0,5
BRDA:35,11,0,1
BRDA:42,12,0,5
BRDA:45,13,0,2
BRDA:50,14,0,5
BRDA:50,15,0,4
BRDA:52,16,0,1
BRDA:53,17,0,2
BRDA:54,18,0,1
BRDA:61,19,0,5
BRDA:62,20,0,1
BRDA:65,21,0,4
BRDA:68,22,0,2
BRDA:68,23,0,2
BRDA:71,24,0,8
BRDA:72,25,0,2
BRDA:80,26,0,4
BRDA:81,27,0,1
BRDA:84,28,0,3
BRDA:87,29,0,2
BRDA:87,30,0,2
BRDA:89,31,0,1
BRDA:90,32,0,3
BRDA:91,33,0,1
BRF:34
BRH:34
end_of_record
TN:
SF:server_modules\watch.js
FN:12,watchMethodAndUrl
FN:29,watchGetUrl
FN:68,watchPostUrl
FN:120,watchDeleteUrl
FN:174,watchPutUrl
FNF:5
FNH:1
FNDA:14,watchMethodAndUrl
FNDA:0,watchGetUrl
FNDA:0,watchPostUrl
FNDA:0,watchDeleteUrl
FNDA:0,watchPutUrl
DA:1,1
DA:2,1
DA:3,1
DA:4,1
DA:5,1
DA:6,1
DA:7,1
DA:8,1
DA:9,1
DA:10,1
DA:11,1
DA:12,14
DA:13,14
DA:14,14
DA:15,14
DA:16,3
DA:17,14
DA:18,1
DA:19,11
DA:20,2
DA:21,10
DA:22,4
DA:23,4
DA:24,3
DA:25,3
DA:26,3
DA:27,3
DA:28,14
DA:29,0
DA:30,0
DA:31,0
DA:32,0
DA:33,0
DA:34,0
DA:35,0
DA:36,0
DA:37,0
DA:38,0
DA:39,0
DA:40,0
DA:41,0
DA:42,0
DA:43,0
DA:44,0
DA:45,0
DA:46,0
DA:47,0
DA:48,0
DA:49,0
DA:50,0
DA:51,0
DA:52,0
DA:53,0
DA:54,0
DA:55,0
DA:56,0
DA:57,0
DA:58,0
DA:59,0
DA:60,0
DA:61,0
DA:62,0
DA:63,0
DA:64,0
DA:65,0
DA:66,0
DA:67,0
DA:68,0
DA:69,0
DA:70,0
DA:71,0
DA:72,0
DA:73,0
DA:74,0
DA:75,0
DA:76,0
DA:77,0
DA:78,0
DA:79,0
DA:80,0
DA:81,0
DA:82,0
DA:83,0
DA:84,0
DA:85,0
DA:86,0
DA:87,0
DA:88,0
DA:89,0
DA:90,0
DA:91,0
DA:92,0
DA:93,0
DA:94,0
DA:95,0
DA:96,0
DA:97,0
DA:98,0
DA:99,0
DA:100,0
DA:101,0
DA:102,0
DA:103,0
DA:104,0
DA:105,0
DA:106,0
DA:107,0
DA:108,0
DA:109,0
DA:110,0
DA:111,0
DA:112,0
DA:113,0
DA:114,0
DA:115,0
DA:116,0
DA:117,0
DA:118,0
DA:119,0
DA:120,0
DA:121,0
DA:122,0
DA:123,0
DA:124,0
DA:125,0
DA:126,0
DA:127,0
DA:128,0
DA:129,0
DA:130,0
DA:131,0
DA:132,0
DA:133,0
DA:134,0
DA:135,0
DA:136,0
DA:137,0
DA:138,0
DA:139,0
DA:140,0
DA:141,0
DA:142,0
DA:143,0
DA:144,0
DA:145,0
DA:146,0
DA:147,0
DA:148,0
DA:149,0
DA:150,0
DA:151,0
DA:152,0
DA:153,0
DA:154,0
DA:155,0
DA:156,0
DA:157,0
DA:158,0
DA:159,0
DA:160,0
DA:161,0
DA:162,0
DA:163,0
DA:164,0
DA:165,0
DA:166,0
DA:167,0
DA:168,0
DA:169,0
DA:170,0
DA:171,0
DA:172,0
DA:173,0
DA:174,0
DA:175,0
DA:176,0
DA:177,0
DA:178,0
DA:179,0
DA:180,0
DA:181,0
DA:182,0
DA:183,0
DA:184,0
DA:185,0
DA:186,0
DA:187,0
DA:188,0
DA:189,0
DA:190,0
DA:191,0
DA:192,0
DA:193,0
DA:194,0
DA:195,0
DA:196,0
DA:197,1
DA:198,1
DA:199,1
DA:200,1
DA:201,1
DA:202,1
DA:203,1
DA:204,1
DA:205,1
LF:205
LH:37
BRDA:12,0,0,14
BRDA:15,1,0,3
BRDA:17,2,0,11
BRDA:17,3,0,1
BRDA:19,4,0,10
BRDA:19,5,0,2
BRDA:21,6,0,8
BRDA:21,7,0,4
BRDA:23,8,0,3
BRF:9
BRH:9
end_of_record
