TN:
SF:server_modules\convertParse.js
FN:1,convertToCSV
FN:15,parseFromCSV
FN:33,convertToXML
FNF:3
FNH:3
FNDA:3,convertToCSV
FNDA:10,parseFromCSV
FNDA:5,convertToXML
DA:1,3
DA:2,3
DA:3,1
DA:4,1
DA:5,2
DA:6,2
DA:7,2
DA:8,2
DA:9,1
DA:10,1
DA:11,1
DA:12,1
DA:13,2
DA:14,2
DA:15,10
DA:16,10
DA:17,4
DA:18,4
DA:19,6
DA:20,6
DA:21,10
DA:22,20
DA:23,20
DA:24,20
DA:25,20
DA:26,20
DA:27,20
DA:28,20
DA:29,20
DA:30,20
DA:31,6
DA:32,6
DA:33,5
DA:34,5
DA:35,1
DA:36,1
DA:37,4
DA:38,5
DA:39,5
DA:40,5
DA:41,4
DA:42,4
DA:43,1
DA:44,1
DA:45,1
DA:46,1
DA:47,1
DA:48,4
DA:49,4
DA:50,4
DA:51,1
DA:52,1
DA:53,1
DA:54,1
DA:55,1
LF:55
LH:55
BRDA:1,0,0,3
BRDA:2,1,0,2
BRDA:2,2,0,1
BRDA:5,3,0,2
BRDA:8,4,0,1
BRDA:15,5,0,10
BRDA:16,6,0,4
BRDA:19,7,0,6
BRDA:21,8,0,20
BRDA:31,9,0,6
BRDA:33,10,0,5
BRDA:34,11,0,4
BRDA:34,12,0,1
BRDA:37,13,0,4
BRDA:40,14,0,3
BRDA:40,15,0,4
BRDA:43,16,0,1
BRDA:48,17,0,4
BRF:18
BRH:18
end_of_record
TN:
SF:server_modules\getFromFile.js
FN:7,getFromJSONFile
FN:28,getFromXMLFile
FN:62,getFromCSV
FN:81,getFromYaml
FNF:4
FNH:4
FNDA:4,getFromJSONFile
FNDA:6,getFromXMLFile
FNDA:5,getFromCSV
FNDA:1,getFromYaml
DA:1,1
DA:2,1
DA:3,1
DA:4,1
DA:5,1
DA:6,1
DA:7,4
DA:8,4
DA:9,1
DA:10,1
DA:11,3
DA:12,3
DA:13,3
DA:14,3
DA:15,3
DA:16,4
DA:17,2
DA:18,4
DA:19,1
DA:20,3
DA:21,1
DA:22,1
DA:23,3
DA:24,1
DA:25,1
DA:26,1
DA:27,1
DA:28,6
DA:29,6
DA:30,1
DA:31,1
DA:32,5
DA:33,5
DA:34,5
DA:35,5
DA:36,5
DA:37,5
DA:38,5
DA:39,5
DA:40,5
DA:41,5
DA:42,5
DA:43,5
DA:44,6
DA:45,6
DA:46,6
DA:47,1
DA:48,1
DA:49,1
DA:50,1
DA:51,6
DA:52,4
DA:53,6
DA:54,1
DA:55,2
DA:56,1
DA:57,1
DA:58,2
DA:59,1
DA:60,1
DA:61,1
DA:62,5
DA:63,5
DA:64,1
DA:65,1
DA:66,4
DA:67,4
DA:68,4
DA:69,5
DA:70,2
DA:71,2
DA:72,2
DA:73,8
DA:74,2
DA:75,2
DA:76,8
DA:77,2
DA:78,2
DA:79,2
DA:80,1
DA:81,1
DA:82,1
DA:83,1
DA:84,1
DA:85,0
DA:86,0
DA:87,0
DA:88,1
DA:89,0
DA:90,0
DA:91,0
DA:92,0
DA:93,0
DA:94,0
DA:95,0
DA:96,0
DA:97,0
DA:98,1
DA:99,1
DA:100,1
DA:101,1
DA:102,1
DA:103,1
DA:104,1
LF:104
LH:92
BRDA:7,0,0,4
BRDA:8,1,0,1
BRDA:11,2,0,3
BRDA:16,3,0,1
BRDA:16,4,0,2
BRDA:18,5,0,1
BRDA:19,6,0,3
BRDA:20,7,0,1
BRDA:28,8,0,6
BRDA:29,9,0,1
BRDA:32,10,0,5
BRDA:44,11,0,1
BRDA:46,12,0,1
BRDA:51,13,0,5
BRDA:51,14,0,4
BRDA:53,15,0,1
BRDA:54,16,0,2
BRDA:55,17,0,1
BRDA:62,18,0,5
BRDA:63,19,0,1
BRDA:66,20,0,4
BRDA:69,21,0,2
BRDA:69,22,0,2
BRDA:72,23,0,8
BRDA:73,24,0,2
BRDA:81,25,0,1
BRDA:85,26,0,0
BRDA:88,27,0,0
BRF:28
BRH:26
end_of_record
