TN:
SF:..\..\server\server_modules\convertParse.js
FN:1,convertToCSV
FN:15,parseFromCSV
FN:33,convertToXML
FNF:3
FNH:3
FNDA:3,convertToCSV
FNDA:10,parseFromCSV
FNDA:5,convertToXML
DA:1,3
DA:2,3
DA:3,1
DA:4,1
DA:5,2
DA:6,2
DA:7,2
DA:8,2
DA:9,1
DA:10,1
DA:11,1
DA:12,1
DA:13,2
DA:14,2
DA:15,10
DA:16,10
DA:17,4
DA:18,4
DA:19,6
DA:20,6
DA:21,10
DA:22,20
DA:23,20
DA:24,20
DA:25,20
DA:26,20
DA:27,20
DA:28,20
DA:29,20
DA:30,20
DA:31,6
DA:32,6
DA:33,5
DA:34,5
DA:35,1
DA:36,1
DA:37,4
DA:38,5
DA:39,5
DA:40,5
DA:41,4
DA:42,4
DA:43,1
DA:44,1
DA:45,1
DA:46,1
DA:47,1
DA:48,4
DA:49,4
DA:50,4
DA:51,1
DA:52,1
DA:53,1
DA:54,1
DA:55,1
LF:55
LH:55
BRDA:1,0,0,3
BRDA:2,1,0,2
BRDA:2,2,0,1
BRDA:5,3,0,2
BRDA:8,4,0,1
BRDA:15,5,0,10
BRDA:16,6,0,4
BRDA:19,7,0,6
BRDA:21,8,0,20
BRDA:31,9,0,6
BRDA:33,10,0,5
BRDA:34,11,0,4
BRDA:34,12,0,1
BRDA:37,13,0,4
BRDA:40,14,0,3
BRDA:40,15,0,4
BRDA:43,16,0,1
BRDA:48,17,0,4
BRF:18
BRH:18
end_of_record
TN:
SF:..\..\server\server_modules\getFromFile.js
FN:7,getFromJSONFile
FN:28,getFromXMLFile
FN:61,getFromCSV
FN:80,getFromYaml
FNF:4
FNH:4
FNDA:4,getFromJSONFile
FNDA:6,getFromXMLFile
FNDA:5,getFromCSV
FNDA:4,getFromYaml
DA:1,1
DA:2,1
DA:3,1
DA:4,1
DA:5,1
DA:6,1
DA:7,4
DA:8,4
DA:9,1
DA:10,1
DA:11,3
DA:12,3
DA:13,3
DA:14,3
DA:15,3
DA:16,4
DA:17,2
DA:18,4
DA:19,1
DA:20,3
DA:21,1
DA:22,1
DA:23,3
DA:24,1
DA:25,1
DA:26,1
DA:27,1
DA:28,6
DA:29,6
DA:30,1
DA:31,1
DA:32,5
DA:33,5
DA:34,5
DA:35,6
DA:36,1
DA:37,1
DA:38,1
DA:39,1
DA:40,1
DA:41,1
DA:42,5
DA:43,5
DA:44,5
DA:45,6
DA:46,2
DA:47,2
DA:48,2
DA:49,2
DA:50,6
DA:51,4
DA:52,6
DA:53,1
DA:54,2
DA:55,1
DA:56,1
DA:57,2
DA:58,1
DA:59,1
DA:60,1
DA:61,5
DA:62,5
DA:63,1
DA:64,1
DA:65,4
DA:66,4
DA:67,4
DA:68,5
DA:69,2
DA:70,2
DA:71,2
DA:72,8
DA:73,2
DA:74,2
DA:75,8
DA:76,2
DA:77,2
DA:78,2
DA:79,1
DA:80,4
DA:81,4
DA:82,1
DA:83,1
DA:84,3
DA:85,3
DA:86,3
DA:87,4
DA:88,2
DA:89,4
DA:90,1
DA:91,3
DA:92,1
DA:93,1
DA:94,3
DA:95,1
DA:96,1
DA:97,4
DA:98,1
DA:99,1
DA:100,1
DA:101,1
DA:102,1
DA:103,1
LF:103
LH:103
BRDA:7,0,0,4
BRDA:8,1,0,1
BRDA:11,2,0,3
BRDA:16,3,0,1
BRDA:16,4,0,2
BRDA:18,5,0,1
BRDA:19,6,0,3
BRDA:20,7,0,1
BRDA:28,8,0,6
BRDA:29,9,0,1
BRDA:32,10,0,5
BRDA:35,11,0,1
BRDA:42,12,0,5
BRDA:45,13,0,2
BRDA:50,14,0,5
BRDA:50,15,0,4
BRDA:52,16,0,1
BRDA:53,17,0,2
BRDA:54,18,0,1
BRDA:61,19,0,5
BRDA:62,20,0,1
BRDA:65,21,0,4
BRDA:68,22,0,2
BRDA:68,23,0,2
BRDA:71,24,0,8
BRDA:72,25,0,2
BRDA:80,26,0,4
BRDA:81,27,0,1
BRDA:84,28,0,3
BRDA:87,29,0,2
BRDA:87,30,0,2
BRDA:89,31,0,1
BRDA:90,32,0,3
BRDA:91,33,0,1
BRF:34
BRH:34
end_of_record
TN:
SF:..\..\server\server_modules\watch.js
FN:20,watchMethodAndUrl
FN:45,watchGetUrl
FN:90,watchPostUrl
FN:145,watchDeleteUrl
FN:202,watchPutUrl
FNF:5
FNH:5
FNDA:14,watchMethodAndUrl
FNDA:10,watchGetUrl
FNDA:7,watchPostUrl
FNDA:10,watchDeleteUrl
FNDA:4,watchPutUrl
DA:1,1
DA:2,1
DA:3,1
DA:4,1
DA:5,1
DA:6,1
DA:7,1
DA:8,1
DA:9,1
DA:10,1
DA:11,1
DA:12,1
DA:13,1
DA:14,1
DA:15,1
DA:16,1
DA:17,1
DA:18,1
DA:19,1
DA:20,14
DA:21,14
DA:22,14
DA:23,14
DA:24,14
DA:25,14
DA:26,14
DA:27,14
DA:28,14
DA:29,14
DA:30,14
DA:31,14
DA:32,3
DA:33,14
DA:34,1
DA:35,11
DA:36,2
DA:37,10
DA:38,4
DA:39,4
DA:40,3
DA:41,3
DA:42,3
DA:43,3
DA:44,14
DA:45,10
DA:46,10
DA:47,10
DA:48,10
DA:49,1
DA:50,1
DA:51,1
DA:52,1
DA:53,1
DA:54,9
DA:55,10
DA:56,1
DA:57,1
DA:58,1
DA:59,1
DA:60,1
DA:61,10
DA:62,5
DA:63,5
DA:64,3
DA:65,3
DA:66,3
DA:67,5
DA:68,1
DA:69,1
DA:70,1
DA:71,1
DA:72,1
DA:73,1
DA:74,1
DA:75,1
DA:76,5
DA:77,10
DA:78,1
DA:79,1
DA:80,1
DA:81,1
DA:82,1
DA:83,10
DA:84,1
DA:85,1
DA:86,1
DA:87,1
DA:88,1
DA:89,10
DA:90,7
DA:91,7
DA:92,7
DA:93,7
DA:94,7
DA:95,7
DA:96,9
DA:97,3
DA:98,3
DA:99,3
DA:100,3
DA:101,3
DA:102,3
DA:103,3
DA:104,3
DA:105,9
DA:106,2
DA:107,2
DA:108,1
DA:109,1
DA:110,1
DA:111,1
DA:112,1
DA:113,1
DA:114,1
DA:115,1
DA:116,1
DA:117,1
DA:118,1
DA:119,1
DA:120,1
DA:121,1
DA:122,9
DA:123,1
DA:124,1
DA:125,1
DA:126,1
DA:127,1
DA:128,1
DA:129,1
DA:130,1
DA:131,9
DA:132,1
DA:133,1
DA:134,1
DA:135,1
DA:136,1
DA:137,1
DA:138,1
DA:139,1
DA:140,1
DA:141,9
DA:142,7
DA:143,7
DA:144,7
DA:145,10
DA:146,10
DA:147,10
DA:148,10
DA:149,10
DA:150,10
DA:151,10
DA:152,10
DA:153,10
DA:154,10
DA:155,10
DA:156,2
DA:157,2
DA:158,1
DA:159,1
DA:160,1
DA:161,1
DA:162,2
DA:163,2
DA:164,10
DA:165,2
DA:166,2
DA:167,1
DA:168,1
DA:169,1
DA:170,1
DA:171,1
DA:172,1
DA:173,2
DA:174,2
DA:175,2
DA:176,2
DA:177,2
DA:178,10
DA:179,4
DA:180,4
DA:181,1
DA:182,1
DA:183,1
DA:184,1
DA:185,4
DA:186,4
DA:187,10
DA:188,2
DA:189,2
DA:190,2
DA:191,2
DA:192,2
DA:193,2
DA:194,2
DA:195,2
DA:196,2
DA:197,2
DA:198,2
DA:199,10
DA:200,10
DA:201,10
DA:202,4
DA:203,4
DA:204,3
DA:205,3
DA:206,3
DA:207,3
DA:208,2
DA:209,2
DA:210,2
DA:211,2
DA:212,2
DA:213,2
DA:214,2
DA:215,3
DA:216,3
DA:217,3
DA:218,3
DA:219,4
DA:220,1
DA:221,1
DA:222,4
DA:223,1
DA:224,1
DA:225,1
DA:226,1
DA:227,1
DA:228,1
DA:229,1
DA:230,1
LF:230
LH:230
BRDA:20,0,0,14
BRDA:31,1,0,3
BRDA:33,2,0,11
BRDA:33,3,0,1
BRDA:35,4,0,10
BRDA:35,5,0,2
BRDA:37,6,0,8
BRDA:37,7,0,4
BRDA:39,8,0,3
BRDA:45,9,0,10
BRDA:48,10,0,1
BRDA:54,11,0,9
BRDA:55,12,0,1
BRDA:61,13,0,8
BRDA:61,14,0,5
BRDA:63,15,0,3
BRDA:67,16,0,2
BRDA:67,17,0,1
BRDA:77,18,0,3
BRDA:77,19,0,1
BRDA:83,20,0,2
BRDA:83,21,0,1
BRDA:90,22,0,7
BRDA:95,23,0,9
BRDA:96,24,0,3
BRDA:105,25,0,6
BRDA:105,26,0,2
BRDA:107,27,0,1
BRDA:122,28,0,4
BRDA:122,29,0,1
BRDA:131,30,0,3
BRDA:131,31,0,1
BRDA:145,32,0,10
BRDA:155,33,0,2
BRDA:157,34,0,1
BRDA:164,35,0,2
BRDA:166,36,0,1
BRDA:178,37,0,4
BRDA:180,38,0,1
BRDA:187,39,0,2
BRDA:202,40,0,4
BRDA:203,41,0,3
BRDA:207,42,0,2
BRDA:219,43,0,1
BRF:44
BRH:44
end_of_record
TN:
SF:about.js
FN:51,startSlide
FN:58,getSlides
FN:62,moveToNextSlide
FN:70,moveToPreviousSlide
FNF:4
FNH:4
FNDA:3,startSlide
FNDA:1,getSlides
FNDA:1,moveToNextSlide
FNDA:1,moveToPreviousSlide
DA:1,1
DA:2,0
DA:3,0
DA:4,0
DA:5,0
DA:6,0
DA:7,0
DA:8,0
DA:9,0
DA:10,0
DA:11,0
DA:12,0
DA:13,0
DA:14,0
DA:15,0
DA:16,0
DA:17,0
DA:18,0
DA:19,0
DA:20,0
DA:21,0
DA:22,0
DA:23,0
DA:24,0
DA:25,0
DA:26,0
DA:27,0
DA:28,0
DA:29,0
DA:30,0
DA:31,0
DA:32,0
DA:33,0
DA:34,0
DA:35,0
DA:36,0
DA:37,0
DA:38,0
DA:39,0
DA:40,0
DA:41,0
DA:42,0
DA:43,0
DA:44,0
DA:45,0
DA:46,0
DA:47,0
DA:48,0
DA:49,0
DA:50,1
DA:51,1
DA:52,3
DA:53,3
DA:54,0
DA:55,3
DA:56,3
DA:57,1
DA:58,1
DA:59,1
DA:60,1
DA:61,1
DA:62,1
DA:63,1
DA:64,1
DA:65,1
DA:66,1
DA:67,1
DA:68,1
DA:69,1
DA:70,1
DA:71,1
DA:72,1
DA:73,1
DA:74,1
DA:75,1
LF:75
LH:26
BRDA:1,0,0,0
BRDA:51,1,0,3
BRDA:58,2,0,1
BRDA:62,3,0,1
BRDA:64,4,0,0
BRDA:70,5,0,1
BRDA:71,6,0,0
BRF:7
BRH:4
end_of_record
TN:
SF:questions.js
FN:28,Object.<anonymous>.window.onclick
FN:38,showModal
FN:80,checkAnswer
FN:89,checkType
FN:116,answerValidation
FN:128,formTextValidation
FN:144,errorText
FN:149,clearModal
FN:166,hideModal
FN:172,listenDeleteButtons
FN:207,hideDeleteModal
FN:210,listenTypeSelect
FN:213,listenThemeSelect
FN:217,themeSelectGetRequest
FN:222,typeSelectGetRequest
FN:228,getAndRender
FNF:16
FNH:0
FNDA:0,Object.<anonymous>.window.onclick
FNDA:0,showModal
FNDA:0,checkAnswer
FNDA:0,checkType
FNDA:0,answerValidation
FNDA:0,formTextValidation
FNDA:0,errorText
FNDA:0,clearModal
FNDA:0,hideModal
FNDA:0,listenDeleteButtons
FNDA:0,hideDeleteModal
FNDA:0,listenTypeSelect
FNDA:0,listenThemeSelect
FNDA:0,themeSelectGetRequest
FNDA:0,typeSelectGetRequest
FNDA:0,getAndRender
DA:1,1
DA:2,1
DA:3,1
DA:4,1
DA:5,1
DA:6,1
DA:7,1
DA:8,1
DA:9,1
DA:10,0
DA:11,0
DA:12,0
DA:13,0
DA:14,0
DA:15,0
DA:16,0
DA:17,0
DA:18,0
DA:19,0
DA:20,0
DA:21,0
DA:22,0
DA:23,0
DA:24,0
DA:25,0
DA:26,0
DA:27,0
DA:28,0
DA:29,0
DA:30,0
DA:31,0
DA:32,0
DA:33,0
DA:34,0
DA:35,0
DA:36,0
DA:37,0
DA:38,1
DA:39,0
DA:40,0
DA:41,0
DA:42,0
DA:43,0
DA:44,0
DA:45,0
DA:46,0
DA:47,0
DA:48,0
DA:49,0
DA:50,0
DA:51,0
DA:52,0
DA:53,0
DA:54,0
DA:55,0
DA:56,0
DA:57,0
DA:58,0
DA:59,0
DA:60,0
DA:61,0
DA:62,0
DA:63,0
DA:64,0
DA:65,0
DA:66,0
DA:67,0
DA:68,0
DA:69,0
DA:70,0
DA:71,0
DA:72,0
DA:73,0
DA:74,0
DA:75,0
DA:76,0
DA:77,0
DA:78,0
DA:79,1
DA:80,1
DA:81,0
DA:82,0
DA:83,0
DA:84,0
DA:85,0
DA:86,0
DA:87,0
DA:88,1
DA:89,1
DA:90,0
DA:91,0
DA:92,0
DA:93,0
DA:94,0
DA:95,0
DA:96,0
DA:97,0
DA:98,0
DA:99,0
DA:100,0
DA:101,0
DA:102,0
DA:103,0
DA:104,0
DA:105,0
DA:106,0
DA:107,0
DA:108,0
DA:109,0
DA:110,0
DA:111,0
DA:112,0
DA:113,0
DA:114,0
DA:115,1
DA:116,1
DA:117,0
DA:118,0
DA:119,0
DA:120,0
DA:121,0
DA:122,0
DA:123,0
DA:124,0
DA:125,0
DA:126,0
DA:127,1
DA:128,1
DA:129,0
DA:130,0
DA:131,0
DA:132,0
DA:133,0
DA:134,0
DA:135,0
DA:136,0
DA:137,0
DA:138,0
DA:139,0
DA:140,0
DA:141,0
DA:142,0
DA:143,1
DA:144,1
DA:145,0
DA:146,0
DA:147,0
DA:148,0
DA:149,1
DA:150,0
DA:151,0
DA:152,0
DA:153,0
DA:154,0
DA:155,0
DA:156,0
DA:157,0
DA:158,0
DA:159,0
DA:160,0
DA:161,0
DA:162,0
DA:163,0
DA:164,0
DA:165,0
DA:166,1
DA:167,0
DA:168,0
DA:169,0
DA:170,0
DA:171,1
DA:172,1
DA:173,0
DA:174,0
DA:175,0
DA:176,0
DA:177,0
DA:178,0
DA:179,0
DA:180,0
DA:181,0
DA:182,0
DA:183,0
DA:184,0
DA:185,0
DA:186,0
DA:187,0
DA:188,0
DA:189,0
DA:190,0
DA:191,0
DA:192,0
DA:193,0
DA:194,0
DA:195,0
DA:196,0
DA:197,0
DA:198,0
DA:199,0
DA:200,0
DA:201,0
DA:202,0
DA:203,0
DA:204,0
DA:205,0
DA:206,1
DA:207,1
DA:208,0
DA:209,0
DA:210,1
DA:211,0
DA:212,0
DA:213,1
DA:214,0
DA:215,0
DA:216,0
DA:217,1
DA:218,0
DA:219,0
DA:220,0
DA:221,0
DA:222,1
DA:223,0
DA:224,0
DA:225,0
DA:226,0
DA:227,0
DA:228,1
DA:229,0
DA:230,0
DA:231,0
DA:232,0
DA:233,0
DA:234,0
DA:235,0
DA:236,0
DA:237,0
DA:238,0
DA:239,0
DA:240,0
DA:241,0
DA:242,0
DA:243,0
DA:244,0
DA:245,0
DA:246,0
DA:247,0
DA:248,0
DA:249,0
DA:250,0
DA:251,0
DA:252,0
DA:253,0
LF:253
LH:31
BRDA:9,0,0,0
BRF:1
BRH:0
end_of_record
TN:
SF:render.js
FN:1,renderServerDeveloperData
FN:10,renderandFillDevItem
FN:65,renderServerQuestions
FN:85,createAndFillQuestionItem
FN:137,renderNoQuestions
FN:142,rerenderElement
FNF:6
FNH:3
FNDA:6,renderServerDeveloperData
FNDA:0,renderandFillDevItem
FNDA:0,renderServerQuestions
FNDA:0,createAndFillQuestionItem
FNDA:3,renderNoQuestions
FNDA:2,rerenderElement
DA:1,1
DA:2,6
DA:3,3
DA:4,3
DA:5,6
DA:6,4
DA:7,4
DA:8,3
DA:9,3
DA:10,1
DA:11,0
DA:12,0
DA:13,0
DA:14,0
DA:15,0
DA:16,0
DA:17,0
DA:18,0
DA:19,0
DA:20,0
DA:21,0
DA:22,0
DA:23,0
DA:24,0
DA:25,0
DA:26,0
DA:27,0
DA:28,0
DA:29,0
DA:30,0
DA:31,0
DA:32,0
DA:33,0
DA:34,0
DA:35,0
DA:36,0
DA:37,0
DA:38,0
DA:39,0
DA:40,0
DA:41,0
DA:42,0
DA:43,0
DA:44,0
DA:45,0
DA:46,0
DA:47,0
DA:48,0
DA:49,0
DA:50,0
DA:51,0
DA:52,0
DA:53,0
DA:54,0
DA:55,0
DA:56,0
DA:57,0
DA:58,0
DA:59,0
DA:60,0
DA:61,0
DA:62,0
DA:63,0
DA:64,1
DA:65,1
DA:66,0
DA:67,0
DA:68,0
DA:69,0
DA:70,0
DA:71,0
DA:72,0
DA:73,0
DA:74,0
DA:75,0
DA:76,0
DA:77,0
DA:78,0
DA:79,0
DA:80,0
DA:81,0
DA:82,0
DA:83,0
DA:84,0
DA:85,1
DA:86,0
DA:87,0
DA:88,0
DA:89,0
DA:90,0
DA:91,0
DA:92,0
DA:93,0
DA:94,0
DA:95,0
DA:96,0
DA:97,0
DA:98,0
DA:99,0
DA:100,0
DA:101,0
DA:102,0
DA:103,0
DA:104,0
DA:105,0
DA:106,0
DA:107,0
DA:108,0
DA:109,0
DA:110,0
DA:111,0
DA:112,0
DA:113,0
DA:114,0
DA:115,0
DA:116,0
DA:117,0
DA:118,0
DA:119,0
DA:120,0
DA:121,0
DA:122,0
DA:123,0
DA:124,0
DA:125,0
DA:126,0
DA:127,0
DA:128,0
DA:129,0
DA:130,0
DA:131,0
DA:132,0
DA:133,0
DA:134,0
DA:135,0
DA:136,1
DA:137,1
DA:138,3
DA:139,2
DA:140,2
DA:141,1
DA:142,1
DA:143,2
DA:144,1
DA:145,1
DA:146,1
DA:147,1
DA:148,1
DA:149,1
DA:150,1
DA:151,1
DA:152,1
DA:153,1
DA:154,1
DA:155,1
DA:156,1
DA:157,1
DA:158,1
DA:159,1
DA:160,1
DA:161,1
DA:162,1
DA:163,1
DA:164,1
DA:165,1
LF:165
LH:43
BRDA:1,0,0,6
BRDA:2,1,0,5
BRDA:2,2,0,4
BRDA:2,3,0,3
BRDA:5,4,0,4
BRDA:8,5,0,3
BRDA:137,6,0,3
BRDA:138,7,0,1
BRDA:138,8,0,2
BRDA:142,9,0,2
BRDA:143,10,0,1
BRDA:143,11,0,1
BRF:12
BRH:12
end_of_record
TN:
SF:request.js
FN:6,getRequest
FN:21,postRequest
FN:37,deleteRequest
FN:52,putRequest
FN:67,getDevelopers
FN:73,getQuestions
FNF:6
FNH:0
FNDA:0,getRequest
FNDA:0,postRequest
FNDA:0,deleteRequest
FNDA:0,putRequest
FNDA:0,getDevelopers
FNDA:0,getQuestions
DA:1,1
DA:2,1
DA:3,1
DA:4,1
DA:5,1
DA:6,1
DA:7,0
DA:8,0
DA:9,0
DA:10,0
DA:11,0
DA:12,0
DA:13,0
DA:14,0
DA:15,0
DA:16,0
DA:17,0
DA:18,0
DA:19,0
DA:20,1
DA:21,1
DA:22,0
DA:23,0
DA:24,0
DA:25,0
DA:26,0
DA:27,0
DA:28,0
DA:29,0
DA:30,0
DA:31,0
DA:32,0
DA:33,0
DA:34,0
DA:35,0
DA:36,1
DA:37,1
DA:38,0
DA:39,0
DA:40,0
DA:41,0
DA:42,0
DA:43,0
DA:44,0
DA:45,0
DA:46,0
DA:47,0
DA:48,0
DA:49,0
DA:50,0
DA:51,0
DA:52,1
DA:53,0
DA:54,0
DA:55,0
DA:56,0
DA:57,0
DA:58,0
DA:59,0
DA:60,0
DA:61,0
DA:62,0
DA:63,0
DA:64,0
DA:65,0
DA:66,0
DA:67,1
DA:68,0
DA:69,0
DA:70,0
DA:71,0
DA:72,0
DA:73,1
DA:74,0
DA:75,0
DA:76,0
DA:77,0
DA:78,0
LF:78
LH:13
BRF:0
BRH:0
end_of_record
