TN:
SF:server\server_modules\convertParse.js
FN:1,convertToXML
FN:18,convertToCSV
FN:30,parseFromCSV
FNF:3
FNH:0
FNDA:0,convertToXML
FNDA:0,convertToCSV
FNDA:0,parseFromCSV
DA:1,0
DA:2,0
DA:3,0
DA:4,0
DA:5,0
DA:6,0
DA:7,0
DA:8,0
DA:9,0
DA:10,0
DA:11,0
DA:12,0
DA:13,0
DA:14,0
DA:15,0
DA:16,0
DA:17,0
DA:18,1
DA:19,0
DA:20,0
DA:21,0
DA:22,0
DA:23,0
DA:24,0
DA:25,0
DA:26,0
DA:27,0
DA:28,0
DA:29,0
DA:30,1
DA:31,0
DA:32,0
DA:33,0
DA:34,0
DA:35,0
DA:36,0
DA:37,0
DA:38,0
DA:39,0
DA:40,0
DA:41,0
DA:42,0
DA:43,0
DA:44,0
DA:45,0
DA:46,1
DA:47,1
DA:48,1
DA:49,1
DA:50,1
DA:51,1
DA:52,1
LF:52
LH:9
BRF:0
BRH:0
end_of_record
TN:
SF:src\js\about.js
FN:41,startSlide
FN:48,getSlides
FN:52,moveToNextSlide
FN:60,moveToPreviousSlide
FNF:4
FNH:1
FNDA:2,startSlide
FNDA:0,getSlides
FNDA:0,moveToNextSlide
FNDA:0,moveToPreviousSlide
DA:1,1
DA:2,0
DA:3,0
DA:4,0
DA:5,0
DA:6,0
DA:7,0
DA:8,0
DA:9,0
DA:10,0
DA:11,0
DA:12,0
DA:13,0
DA:14,0
DA:15,0
DA:16,0
DA:17,0
DA:18,0
DA:19,0
DA:20,0
DA:21,0
DA:22,0
DA:23,0
DA:24,0
DA:25,0
DA:26,0
DA:27,0
DA:28,0
DA:29,0
DA:30,0
DA:31,0
DA:32,0
DA:33,0
DA:34,0
DA:35,0
DA:36,0
DA:37,0
DA:38,0
DA:39,0
DA:40,1
DA:41,1
DA:42,2
DA:43,2
DA:44,0
DA:45,2
DA:46,2
DA:47,1
DA:48,1
DA:49,0
DA:50,0
DA:51,1
DA:52,1
DA:53,0
DA:54,0
DA:55,0
DA:56,0
DA:57,0
DA:58,0
DA:59,1
DA:60,1
DA:61,0
DA:62,0
DA:63,0
DA:64,0
DA:65,0
LF:65
LH:13
BRDA:1,0,0,0
BRDA:41,1,0,2
BRF:2
BRH:1
end_of_record
TN:
SF:src\js\questions.js
FN:29,Object.<anonymous>.window.onclick
FN:38,showModal
FN:80,checkAnswer
FN:89,checkType
FN:116,answerValidation
FN:128,formTextValidation
FN:144,errorText
FN:149,clearModal
FN:166,hideModal
FN:172,listenDeleteButtons
FN:189,showDeleteModal
FN:199,deleteConfirm
FN:208,hideDeleteModal
FN:211,listenTypeSelect
FN:214,listenThemeSelect
FN:218,themeSelectGetRequest
FN:223,typeSelectGetRequest
FN:229,getAndRender
FNF:18
FNH:6
FNDA:0,Object.<anonymous>.window.onclick
FNDA:0,showModal
FNDA:4,checkAnswer
FNDA:7,checkType
FNDA:3,answerValidation
FNDA:0,formTextValidation
FNDA:1,errorText
FNDA:1,clearModal
FNDA:0,hideModal
FNDA:0,listenDeleteButtons
FNDA:0,showDeleteModal
FNDA:0,deleteConfirm
FNDA:0,hideDeleteModal
FNDA:0,listenTypeSelect
FNDA:0,listenThemeSelect
FNDA:1,themeSelectGetRequest
FNDA:0,typeSelectGetRequest
FNDA:0,getAndRender
DA:1,1
DA:2,1
DA:3,1
DA:4,1
DA:5,1
DA:6,1
DA:7,1
DA:8,1
DA:9,1
DA:10,0
DA:11,0
DA:12,0
DA:13,0
DA:14,0
DA:15,0
DA:16,0
DA:17,0
DA:18,0
DA:19,0
DA:20,0
DA:21,0
DA:22,0
DA:23,0
DA:24,0
DA:25,0
DA:26,0
DA:27,0
DA:28,0
DA:29,0
DA:30,0
DA:31,0
DA:32,0
DA:33,0
DA:34,0
DA:35,0
DA:36,0
DA:37,0
DA:38,1
DA:39,0
DA:40,0
DA:41,0
DA:42,0
DA:43,0
DA:44,0
DA:45,0
DA:46,0
DA:47,0
DA:48,0
DA:49,0
DA:50,0
DA:51,0
DA:52,0
DA:53,0
DA:54,0
DA:55,0
DA:56,0
DA:57,0
DA:58,0
DA:59,0
DA:60,0
DA:61,0
DA:62,0
DA:63,0
DA:64,0
DA:65,0
DA:66,0
DA:67,0
DA:68,0
DA:69,0
DA:70,0
DA:71,0
DA:72,0
DA:73,0
DA:74,0
DA:75,0
DA:76,0
DA:77,0
DA:78,0
DA:79,1
DA:80,1
DA:81,4
DA:82,4
DA:83,4
DA:84,4
DA:85,2
DA:86,4
DA:87,4
DA:88,1
DA:89,1
DA:90,7
DA:91,7
DA:92,7
DA:93,7
DA:94,7
DA:95,7
DA:96,7
DA:97,7
DA:98,7
DA:99,3
DA:100,3
DA:101,7
DA:102,2
DA:103,2
DA:104,7
DA:105,3
DA:106,3
DA:107,7
DA:108,2
DA:109,2
DA:110,7
DA:111,1
DA:112,1
DA:113,7
DA:114,7
DA:115,1
DA:116,1
DA:117,3
DA:118,3
DA:119,3
DA:120,3
DA:121,2
DA:122,3
DA:123,1
DA:124,1
DA:125,1
DA:126,3
DA:127,1
DA:128,1
DA:129,0
DA:130,0
DA:131,0
DA:132,0
DA:133,0
DA:134,0
DA:135,0
DA:136,0
DA:137,0
DA:138,0
DA:139,0
DA:140,0
DA:141,0
DA:142,0
DA:143,1
DA:144,1
DA:145,1
DA:146,1
DA:147,1
DA:148,1
DA:149,1
DA:150,1
DA:151,1
DA:152,1
DA:153,1
DA:154,1
DA:155,1
DA:156,1
DA:157,1
DA:158,1
DA:159,1
DA:160,1
DA:161,1
DA:162,1
DA:163,1
DA:164,1
DA:165,1
DA:166,1
DA:167,0
DA:168,0
DA:169,0
DA:170,0
DA:171,1
DA:172,1
DA:173,0
DA:174,0
DA:175,0
DA:176,0
DA:177,0
DA:178,0
DA:179,0
DA:180,0
DA:181,0
DA:182,0
DA:183,0
DA:184,0
DA:185,0
DA:186,0
DA:187,0
DA:188,0
DA:189,1
DA:190,0
DA:191,0
DA:192,0
DA:193,0
DA:194,0
DA:195,0
DA:196,1
DA:197,1
DA:198,1
DA:199,1
DA:200,0
DA:201,0
DA:202,0
DA:203,0
DA:204,0
DA:205,0
DA:206,0
DA:207,1
DA:208,1
DA:209,0
DA:210,0
DA:211,1
DA:212,0
DA:213,0
DA:214,1
DA:215,0
DA:216,0
DA:217,0
DA:218,1
DA:219,1
DA:220,1
DA:221,1
DA:222,1
DA:223,1
DA:224,0
DA:225,0
DA:226,0
DA:227,0
DA:228,0
DA:229,1
DA:230,0
DA:231,0
DA:232,0
DA:233,0
DA:234,0
DA:235,0
DA:236,0
DA:237,0
DA:238,0
DA:239,0
DA:240,0
DA:241,0
DA:242,0
DA:243,0
DA:244,0
DA:245,0
DA:246,0
DA:247,0
DA:248,0
DA:249,0
DA:250,0
DA:251,0
DA:252,0
DA:253,0
DA:254,0
LF:254
LH:102
BRDA:9,0,0,0
BRDA:80,1,0,4
BRDA:84,2,0,2
BRDA:89,3,0,7
BRDA:98,4,0,3
BRDA:101,5,0,2
BRDA:104,6,0,3
BRDA:107,7,0,2
BRDA:110,8,0,4
BRDA:110,9,0,3
BRDA:110,10,0,2
BRDA:110,11,0,1
BRDA:116,12,0,3
BRDA:120,13,0,2
BRDA:120,14,0,2
BRDA:122,15,0,1
BRDA:144,16,0,1
BRDA:149,17,0,1
BRDA:218,18,0,1
BRF:19
BRH:18
end_of_record
TN:
SF:src\js\render.js
FN:1,renderServerDeveloperData
FN:8,renderandFillDevItem
FN:63,renderServerQuestions
FN:83,createAndFillQuestionItem
FN:135,renderNoQuestions
FN:140,rerenderElement
FNF:6
FNH:0
FNDA:0,renderServerDeveloperData
FNDA:0,renderandFillDevItem
FNDA:0,renderServerQuestions
FNDA:0,createAndFillQuestionItem
FNDA:0,renderNoQuestions
FNDA:0,rerenderElement
DA:1,1
DA:2,0
DA:3,0
DA:4,0
DA:5,0
DA:6,0
DA:7,0
DA:8,0
DA:9,0
DA:10,0
DA:11,0
DA:12,0
DA:13,0
DA:14,0
DA:15,0
DA:16,0
DA:17,0
DA:18,0
DA:19,0
DA:20,0
DA:21,0
DA:22,0
DA:23,0
DA:24,0
DA:25,0
DA:26,0
DA:27,0
DA:28,0
DA:29,0
DA:30,0
DA:31,0
DA:32,0
DA:33,0
DA:34,0
DA:35,0
DA:36,0
DA:37,0
DA:38,0
DA:39,0
DA:40,0
DA:41,0
DA:42,0
DA:43,0
DA:44,0
DA:45,0
DA:46,0
DA:47,0
DA:48,0
DA:49,0
DA:50,0
DA:51,0
DA:52,0
DA:53,0
DA:54,0
DA:55,0
DA:56,0
DA:57,0
DA:58,0
DA:59,0
DA:60,0
DA:61,0
DA:62,1
DA:63,1
DA:64,0
DA:65,0
DA:66,0
DA:67,0
DA:68,0
DA:69,0
DA:70,0
DA:71,0
DA:72,0
DA:73,0
DA:74,0
DA:75,0
DA:76,0
DA:77,0
DA:78,0
DA:79,0
DA:80,0
DA:81,0
DA:82,0
DA:83,0
DA:84,0
DA:85,0
DA:86,0
DA:87,0
DA:88,0
DA:89,0
DA:90,0
DA:91,0
DA:92,0
DA:93,0
DA:94,0
DA:95,0
DA:96,0
DA:97,0
DA:98,0
DA:99,0
DA:100,0
DA:101,0
DA:102,0
DA:103,0
DA:104,0
DA:105,0
DA:106,0
DA:107,0
DA:108,0
DA:109,0
DA:110,0
DA:111,0
DA:112,0
DA:113,0
DA:114,0
DA:115,0
DA:116,0
DA:117,0
DA:118,0
DA:119,0
DA:120,0
DA:121,0
DA:122,0
DA:123,0
DA:124,0
DA:125,0
DA:126,0
DA:127,0
DA:128,0
DA:129,0
DA:130,0
DA:131,0
DA:132,0
DA:133,0
DA:134,1
DA:135,1
DA:136,0
DA:137,0
DA:138,0
DA:139,1
DA:140,1
DA:141,0
DA:142,0
DA:143,0
DA:144,0
DA:145,0
DA:146,0
DA:147,0
DA:148,0
DA:149,0
DA:150,0
DA:151,0
DA:152,0
DA:153,0
DA:154,0
DA:155,0
DA:156,0
DA:157,0
DA:158,0
DA:159,0
DA:160,0
LF:160
LH:7
BRF:0
BRH:0
end_of_record
TN:
SF:src\js\request.js
FN:6,getRequest
FN:21,postRequest
FN:37,deleteRequest
FN:52,putRequest
FN:67,getDevelopers
FN:73,getQuestions
FNF:6
FNH:0
FNDA:0,getRequest
FNDA:0,postRequest
FNDA:0,deleteRequest
FNDA:0,putRequest
FNDA:0,getDevelopers
FNDA:0,getQuestions
DA:1,1
DA:2,1
DA:3,1
DA:4,1
DA:5,1
DA:6,1
DA:7,0
DA:8,0
DA:9,0
DA:10,0
DA:11,0
DA:12,0
DA:13,0
DA:14,0
DA:15,0
DA:16,0
DA:17,0
DA:18,0
DA:19,0
DA:20,1
DA:21,1
DA:22,0
DA:23,0
DA:24,0
DA:25,0
DA:26,0
DA:27,0
DA:28,0
DA:29,0
DA:30,0
DA:31,0
DA:32,0
DA:33,0
DA:34,0
DA:35,0
DA:36,1
DA:37,1
DA:38,0
DA:39,0
DA:40,0
DA:41,0
DA:42,0
DA:43,0
DA:44,0
DA:45,0
DA:46,0
DA:47,0
DA:48,0
DA:49,0
DA:50,0
DA:51,0
DA:52,1
DA:53,0
DA:54,0
DA:55,0
DA:56,0
DA:57,0
DA:58,0
DA:59,0
DA:60,0
DA:61,0
DA:62,0
DA:63,0
DA:64,0
DA:65,0
DA:66,0
DA:67,1
DA:68,0
DA:69,0
DA:70,0
DA:71,0
DA:72,0
DA:73,1
DA:74,0
DA:75,0
DA:76,0
DA:77,0
DA:78,0
LF:78
LH:13
BRF:0
BRH:0
end_of_record
